2015-06-18 22:21:01.873+0000 INFO  [o.n.s.CommunityNeoServer]: Setting startup timeout to: 120000ms based on 120000
2015-06-18 22:21:02.111+0000 INFO  [o.n.k.InternalAbstractGraphDatabase]: No locking implementation specified, defaulting to 'community'
2015-06-18 22:21:02.319+0000 INFO  [o.n.k.i.DiagnosticsManager]: --- INITIALIZED diagnostics START ---
2015-06-18 22:21:02.322+0000 INFO  [o.n.k.i.DiagnosticsManager]: Neo4j Kernel properties:
2015-06-18 22:21:02.328+0000 INFO  [o.n.k.i.DiagnosticsManager]: store_dir=/Users/admin/workspace/neo4jHeroku/db/neo4j/development/data/graph.db
2015-06-18 22:21:02.328+0000 INFO  [o.n.k.i.DiagnosticsManager]: remote_shell_enabled=true
2015-06-18 22:21:02.330+0000 INFO  [o.n.k.i.DiagnosticsManager]: Diagnostics providers:
2015-06-18 22:21:02.330+0000 INFO  [o.n.k.i.DiagnosticsManager]: org.neo4j.kernel.configuration.Config
2015-06-18 22:21:02.330+0000 INFO  [o.n.k.i.DiagnosticsManager]: org.neo4j.kernel.info.DiagnosticsManager
2015-06-18 22:21:02.330+0000 INFO  [o.n.k.i.DiagnosticsManager]: SYSTEM_MEMORY
2015-06-18 22:21:02.331+0000 INFO  [o.n.k.i.DiagnosticsManager]: JAVA_MEMORY
2015-06-18 22:21:02.331+0000 INFO  [o.n.k.i.DiagnosticsManager]: OPERATING_SYSTEM
2015-06-18 22:21:02.331+0000 INFO  [o.n.k.i.DiagnosticsManager]: JAVA_VIRTUAL_MACHINE
2015-06-18 22:21:02.331+0000 INFO  [o.n.k.i.DiagnosticsManager]: CLASSPATH
2015-06-18 22:21:02.331+0000 INFO  [o.n.k.i.DiagnosticsManager]: LIBRARY_PATH
2015-06-18 22:21:02.331+0000 INFO  [o.n.k.i.DiagnosticsManager]: SYSTEM_PROPERTIES
2015-06-18 22:21:02.331+0000 INFO  [o.n.k.i.DiagnosticsManager]: NETWORK
2015-06-18 22:21:02.332+0000 INFO  [o.n.k.i.DiagnosticsManager]: System memory information:
2015-06-18 22:21:02.334+0000 INFO  [o.n.k.i.DiagnosticsManager]: Total Physical memory: 4.00 GB
2015-06-18 22:21:02.335+0000 INFO  [o.n.k.i.DiagnosticsManager]: Free Physical memory: 1.42 GB
2015-06-18 22:21:02.335+0000 INFO  [o.n.k.i.DiagnosticsManager]: Committed virtual memory: 3.58 GB
2015-06-18 22:21:02.335+0000 INFO  [o.n.k.i.DiagnosticsManager]: Total swap space: 64.00 MB
2015-06-18 22:21:02.336+0000 INFO  [o.n.k.i.DiagnosticsManager]: Free swap space: 64.00 MB
2015-06-18 22:21:02.336+0000 INFO  [o.n.k.i.DiagnosticsManager]: JVM memory information:
2015-06-18 22:21:02.336+0000 INFO  [o.n.k.i.DiagnosticsManager]: Free  memory: 29.82 MB
2015-06-18 22:21:02.337+0000 INFO  [o.n.k.i.DiagnosticsManager]: Total memory: 61.88 MB
2015-06-18 22:21:02.337+0000 INFO  [o.n.k.i.DiagnosticsManager]: Max   memory: 990.75 MB
2015-06-18 22:21:02.341+0000 INFO  [o.n.k.i.DiagnosticsManager]: Garbage Collector: ParNew: [Par Eden Space, Par Survivor Space]
2015-06-18 22:21:02.341+0000 INFO  [o.n.k.i.DiagnosticsManager]: Garbage Collector: ConcurrentMarkSweep: [Par Eden Space, Par Survivor Space, CMS Old Gen, CMS Perm Gen]
2015-06-18 22:21:02.342+0000 INFO  [o.n.k.i.DiagnosticsManager]: Memory Pool: Code Cache (Non-heap memory): committed=2.44 MB, used=722.56 kB, max=48.00 MB, threshold=0.00 B
2015-06-18 22:21:02.343+0000 INFO  [o.n.k.i.DiagnosticsManager]: Memory Pool: Par Eden Space (Heap memory): committed=17.06 MB, used=6.07 MB, max=266.25 MB, threshold=?
2015-06-18 22:21:02.343+0000 INFO  [o.n.k.i.DiagnosticsManager]: Memory Pool: Par Survivor Space (Heap memory): committed=2.13 MB, used=2.13 MB, max=33.25 MB, threshold=?
2015-06-18 22:21:02.344+0000 INFO  [o.n.k.i.DiagnosticsManager]: Memory Pool: CMS Old Gen (Heap memory): committed=42.69 MB, used=23.86 MB, max=691.25 MB, threshold=0.00 B
2015-06-18 22:21:02.345+0000 INFO  [o.n.k.i.DiagnosticsManager]: Memory Pool: CMS Perm Gen (Non-heap memory): committed=20.75 MB, used=12.42 MB, max=82.00 MB, threshold=0.00 B
2015-06-18 22:21:02.345+0000 INFO  [o.n.k.i.DiagnosticsManager]: Operating system information:
2015-06-18 22:21:02.346+0000 INFO  [o.n.k.i.DiagnosticsManager]: Operating System: Mac OS X; version: 10.8.5; arch: x86_64; cpus: 4
2015-06-18 22:21:02.347+0000 INFO  [o.n.k.i.DiagnosticsManager]: Max number of file descriptors: 10240
2015-06-18 22:21:02.347+0000 INFO  [o.n.k.i.DiagnosticsManager]: Number of open file descriptors: 86
2015-06-18 22:21:02.348+0000 INFO  [o.n.k.i.DiagnosticsManager]: Process id: 453@localhost
2015-06-18 22:21:02.348+0000 INFO  [o.n.k.i.DiagnosticsManager]: Byte order: LITTLE_ENDIAN
2015-06-18 22:21:02.348+0000 INFO  [o.n.k.i.DiagnosticsManager]: Local timezone: America/New_York
2015-06-18 22:21:02.348+0000 INFO  [o.n.k.i.DiagnosticsManager]: JVM information:
2015-06-18 22:21:02.348+0000 INFO  [o.n.k.i.DiagnosticsManager]: VM Name: Java HotSpot(TM) 64-Bit Server VM
2015-06-18 22:21:02.348+0000 INFO  [o.n.k.i.DiagnosticsManager]: VM Vendor: Oracle Corporation
2015-06-18 22:21:02.349+0000 INFO  [o.n.k.i.DiagnosticsManager]: VM Version: 24.55-b03
2015-06-18 22:21:02.349+0000 INFO  [o.n.k.i.DiagnosticsManager]: JIT compiler: HotSpot 64-Bit Tiered Compilers
2015-06-18 22:21:02.350+0000 INFO  [o.n.k.i.DiagnosticsManager]: VM Arguments: [-XX:+DisableExplicitGC, -Dorg.neo4j.server.properties=conf/neo4j-server.properties, -Djava.util.logging.config.file=conf/logging.properties, -Dlog4j.configuration=file:conf/log4j.properties, -XX:+UseConcMarkSweepGC, -XX:+CMSClassUnloadingEnabled, -XX:-OmitStackTraceInFastThrow, -XX:hashCode=5, -Dneo4j.ext.udc.source=tarball, -Dneo4j.home=/Users/admin/workspace/neo4jHeroku/db/neo4j/development, -Dneo4j.instance=/Users/admin/workspace/neo4jHeroku/db/neo4j/development, -Dfile.encoding=UTF-8]
2015-06-18 22:21:02.350+0000 INFO  [o.n.k.i.DiagnosticsManager]: Java classpath:
2015-06-18 22:21:02.353+0000 INFO  [o.n.k.i.DiagnosticsManager]:  [classpath + loader.0] file:/Users/admin/workspace/neo4jHeroku/db/neo4j/development/system/lib/jetty-xml-9.2.4.v20141103.jar
2015-06-18 22:21:02.353+0000 INFO  [o.n.k.i.DiagnosticsManager]:  [classpath + loader.0] file:/Users/admin/workspace/neo4jHeroku/db/neo4j/development/system/lib/commons-configuration-1.10.jar
2015-06-18 22:21:02.353+0000 INFO  [o.n.k.i.DiagnosticsManager]:  [classpath + loader.0] file:/Users/admin/workspace/neo4jHeroku/db/neo4j/development/lib/neo4j-graph-algo-2.2.1.jar
2015-06-18 22:21:02.353+0000 INFO  [o.n.k.i.DiagnosticsManager]:  [loader.1] file:/System/Library/Java/Extensions/dns_sd.jar
2015-06-18 22:21:02.353+0000 INFO  [o.n.k.i.DiagnosticsManager]:  [classpath + loader.0] file:/Users/admin/workspace/neo4jHeroku/db/neo4j/development/lib/neo4j-graph-matching-2.2.1.jar
2015-06-18 22:21:02.353+0000 INFO  [o.n.k.i.DiagnosticsManager]:  [classpath + loader.0] file:/Users/admin/workspace/neo4jHeroku/db/neo4j/development/lib/neo4j-consistency-check-2.2.1.jar
2015-06-18 22:21:02.353+0000 INFO  [o.n.k.i.DiagnosticsManager]:  [classpath + loader.0] file:/Users/admin/workspace/neo4jHeroku/db/neo4j/development/lib/neo4j-csv-2.2.1.jar
2015-06-18 22:21:02.353+0000 INFO  [o.n.k.i.DiagnosticsManager]:  [classpath + loader.0] file:/Users/admin/workspace/neo4jHeroku/db/neo4j/development/lib/neo4j-cypher-compiler-1.9-2.0.4.jar
2015-06-18 22:21:02.353+0000 INFO  [o.n.k.i.DiagnosticsManager]:  [classpath + loader.0] file:/Users/admin/workspace/neo4jHeroku/db/neo4j/development/system/lib/jetty-http-9.2.4.v20141103.jar
2015-06-18 22:21:02.353+0000 INFO  [o.n.k.i.DiagnosticsManager]:  [loader.1] file:/System/Library/Java/Extensions/MRJToolkit.jar
2015-06-18 22:21:02.353+0000 INFO  [o.n.k.i.DiagnosticsManager]:  [classpath + loader.0] file:/Users/admin/workspace/neo4jHeroku/db/neo4j/development/system/lib/jersey-servlet-1.18.1.jar
2015-06-18 22:21:02.353+0000 INFO  [o.n.k.i.DiagnosticsManager]:  [classpath + loader.0] file:/Users/admin/workspace/neo4jHeroku/db/neo4j/development/lib/neo4j-cypher-compiler-2.1-2.1.7.jar
2015-06-18 22:21:02.353+0000 INFO  [o.n.k.i.DiagnosticsManager]:  [classpath + loader.0] file:/Users/admin/workspace/neo4jHeroku/db/neo4j/development/lib/neo4j-kernel-2.2.1.jar
2015-06-18 22:21:02.353+0000 INFO  [o.n.k.i.DiagnosticsManager]:  [loader.1] file:/System/Library/Java/Extensions/vecmath.jar
2015-06-18 22:21:02.353+0000 INFO  [o.n.k.i.DiagnosticsManager]:  [loader.1] file:/System/Library/Java/Extensions/libmlib_jai.jnilib
2015-06-18 22:21:02.354+0000 INFO  [o.n.k.i.DiagnosticsManager]:  [classpath + loader.0] file:/Users/admin/workspace/neo4jHeroku/db/neo4j/development/system/lib/commons-beanutils-1.8.3.jar
2015-06-18 22:21:02.354+0000 INFO  [o.n.k.i.DiagnosticsManager]:  [classpath + loader.0] file:/Users/admin/workspace/neo4jHeroku/db/neo4j/development/lib/neo4j-shell-2.2.1.jar
2015-06-18 22:21:02.354+0000 INFO  [o.n.k.i.DiagnosticsManager]:  [classpath + loader.0] file:/Users/admin/workspace/neo4jHeroku/db/neo4j/development/system/lib/jetty-servlet-9.2.4.v20141103.jar
2015-06-18 22:21:02.354+0000 INFO  [o.n.k.i.DiagnosticsManager]:  [classpath + loader.0] file:/Users/admin/workspace/neo4jHeroku/db/neo4j/development/system/lib/jetty-server-9.2.4.v20141103.jar
2015-06-18 22:21:02.354+0000 INFO  [o.n.k.i.DiagnosticsManager]:  [classpath + loader.0] file:/Users/admin/workspace/neo4jHeroku/db/neo4j/development/system/lib/neo4j-browser-2.2.1.jar
2015-06-18 22:21:02.354+0000 INFO  [o.n.k.i.DiagnosticsManager]:  [classpath + loader.0] file:/Users/admin/workspace/neo4jHeroku/db/neo4j/development/system/lib/jackson-jaxrs-1.9.13.jar
2015-06-18 22:21:02.354+0000 INFO  [o.n.k.i.DiagnosticsManager]:  [classpath + loader.0] file:/Users/admin/workspace/neo4jHeroku/db/neo4j/development/system/lib/jetty-io-9.2.4.v20141103.jar
2015-06-18 22:21:02.354+0000 INFO  [o.n.k.i.DiagnosticsManager]:  [classpath + loader.0] file:/Users/admin/workspace/neo4jHeroku/db/neo4j/development/lib/scala-library-2.10.5.jar
2015-06-18 22:21:02.354+0000 INFO  [o.n.k.i.DiagnosticsManager]:  [classpath + loader.0] file:/Users/admin/workspace/neo4jHeroku/db/neo4j/development/system/lib/neo4j-server-2.2.1-static-web.jar
2015-06-18 22:21:02.354+0000 INFO  [o.n.k.i.DiagnosticsManager]:  [classpath + loader.0] file:/Users/admin/workspace/neo4jHeroku/db/neo4j/development/system/lib/logback-access-1.1.2.jar
2015-06-18 22:21:02.354+0000 INFO  [o.n.k.i.DiagnosticsManager]:  [classpath + loader.0] file:/Users/admin/workspace/neo4jHeroku/db/neo4j/development/system/lib/commons-lang-2.6.jar
2015-06-18 22:21:02.354+0000 INFO  [o.n.k.i.DiagnosticsManager]:  [classpath + loader.0] file:/Users/admin/workspace/neo4jHeroku/db/neo4j/development/lib/org.apache.servicemix.bundles.jline-0.9.94_1.jar
2015-06-18 22:21:02.354+0000 INFO  [o.n.k.i.DiagnosticsManager]:  [classpath + loader.0] file:/Users/admin/workspace/neo4jHeroku/db/neo4j/development/system/lib/scala-reflect-2.10.5.jar
2015-06-18 22:21:02.354+0000 INFO  [o.n.k.i.DiagnosticsManager]:  [classpath + loader.0] file:/Users/admin/workspace/neo4jHeroku/db/neo4j/development/system/lib/jersey-server-1.18.1.jar
2015-06-18 22:21:02.354+0000 INFO  [o.n.k.i.DiagnosticsManager]:  [loader.1] file:/System/Library/Java/Extensions/libJ3D.jnilib
2015-06-18 22:21:02.354+0000 INFO  [o.n.k.i.DiagnosticsManager]:  [loader.1] file:/Library/Java/JavaVirtualMachines/jdk1.7.0_55.jdk/Contents/Home/jre/lib/ext/sunpkcs11.jar
2015-06-18 22:21:02.354+0000 INFO  [o.n.k.i.DiagnosticsManager]:  [loader.1] file:/System/Library/Java/Extensions/mlibwrapper_jai.jar
2015-06-18 22:21:02.354+0000 INFO  [o.n.k.i.DiagnosticsManager]:  [classpath + loader.0] file:/Users/admin/workspace/neo4jHeroku/db/neo4j/development/lib/neo4j-unsafe-2.2.1.jar
2015-06-18 22:21:02.354+0000 INFO  [o.n.k.i.DiagnosticsManager]:  [classpath + loader.0] file:/Users/admin/workspace/neo4jHeroku/db/neo4j/development/lib/concurrentlinkedhashmap-lru-1.4.jar
2015-06-18 22:21:02.354+0000 INFO  [o.n.k.i.DiagnosticsManager]:  [classpath + loader.0] file:/Users/admin/workspace/neo4jHeroku/db/neo4j/development/lib/server-api-2.2.1.jar
2015-06-18 22:21:02.354+0000 INFO  [o.n.k.i.DiagnosticsManager]:  [classpath + loader.0] file:/Users/admin/workspace/neo4jHeroku/db/neo4j/development/system/lib/commons-digester-2.1.jar
2015-06-18 22:21:02.354+0000 INFO  [o.n.k.i.DiagnosticsManager]:  [loader.1] file:/System/Library/Java/Extensions/QTJava.zip
2015-06-18 22:21:02.355+0000 INFO  [o.n.k.i.DiagnosticsManager]:  [classpath + loader.0] file:/Users/admin/workspace/neo4jHeroku/db/neo4j/development/system/lib/commons-io-2.4.jar
2015-06-18 22:21:02.355+0000 INFO  [o.n.k.i.DiagnosticsManager]:  [classpath + loader.0] file:/Users/admin/workspace/neo4jHeroku/db/neo4j/development/lib/lucene-core-3.6.2.jar
2015-06-18 22:21:02.355+0000 INFO  [o.n.k.i.DiagnosticsManager]:  [classpath + loader.0] file:/Users/admin/workspace/neo4jHeroku/db/neo4j/development/lib/neo4j-cypher-2.2.1.jar
2015-06-18 22:21:02.355+0000 INFO  [o.n.k.i.DiagnosticsManager]:  [classpath + loader.0] file:/Users/admin/workspace/neo4jHeroku/db/neo4j/development/lib/parboiled-scala_2.10-1.1.7.jar
2015-06-18 22:21:02.355+0000 INFO  [o.n.k.i.DiagnosticsManager]:  [classpath + loader.0] file:/Users/admin/workspace/neo4jHeroku/db/neo4j/development/system/lib/jackson-mapper-asl-1.9.13.jar
2015-06-18 22:21:02.355+0000 INFO  [o.n.k.i.DiagnosticsManager]:  [loader.1] file:/System/Library/Java/Extensions/libJ3DAudio.jnilib
2015-06-18 22:21:02.355+0000 INFO  [o.n.k.i.DiagnosticsManager]:  [loader.1] file:/System/Library/Java/Extensions/libAppleScriptEngine.jnilib
2015-06-18 22:21:02.355+0000 INFO  [o.n.k.i.DiagnosticsManager]:  [classpath + loader.0] file:/Users/admin/workspace/neo4jHeroku/db/neo4j/development/lib/opencsv-2.3.jar
2015-06-18 22:21:02.355+0000 INFO  [o.n.k.i.DiagnosticsManager]:  [classpath + loader.0] file:/Users/admin/workspace/neo4jHeroku/db/neo4j/development/system/lib/jersey-core-1.18.1.jar
2015-06-18 22:21:02.355+0000 INFO  [o.n.k.i.DiagnosticsManager]:  [loader.1] file:/System/Library/Java/Extensions/j3daudio.jar
2015-06-18 22:21:02.355+0000 INFO  [o.n.k.i.DiagnosticsManager]:  [classpath + loader.0] file:/Users/admin/workspace/neo4jHeroku/db/neo4j/development/system/lib/janino-2.6.1.jar
2015-06-18 22:21:02.355+0000 INFO  [o.n.k.i.DiagnosticsManager]:  [classpath + loader.0] file:/Users/admin/workspace/neo4jHeroku/db/neo4j/development/lib/neo4j-io-2.2.1.jar
2015-06-18 22:21:02.355+0000 INFO  [o.n.k.i.DiagnosticsManager]:  [loader.1] file:/System/Library/Java/Extensions/libJ3DUtils.jnilib
2015-06-18 22:21:02.355+0000 INFO  [o.n.k.i.DiagnosticsManager]:  [classpath + loader.0] file:/Users/admin/workspace/neo4jHeroku/db/neo4j/development/system/lib/commons-compiler-2.6.1.jar
2015-06-18 22:21:02.355+0000 INFO  [o.n.k.i.DiagnosticsManager]:  [bootstrap] /Library/Java/JavaVirtualMachines/jdk1.7.0_55.jdk/Contents/Home/jre/lib/jce.jar
2015-06-18 22:21:02.355+0000 INFO  [o.n.k.i.DiagnosticsManager]:  [classpath + loader.0] file:/Users/admin/workspace/neo4jHeroku/db/neo4j/development/lib/neo4j-lucene-index-2.2.1.jar
2015-06-18 22:21:02.355+0000 INFO  [o.n.k.i.DiagnosticsManager]:  [bootstrap] /Library/Java/JavaVirtualMachines/jdk1.7.0_55.jdk/Contents/Home/jre/lib/sunrsasign.jar
2015-06-18 22:21:02.355+0000 INFO  [o.n.k.i.DiagnosticsManager]:  [loader.1] file:/System/Library/Java/Extensions/libQTJNative.jnilib
2015-06-18 22:21:02.355+0000 INFO  [o.n.k.i.DiagnosticsManager]:  [bootstrap] /Library/Java/JavaVirtualMachines/jdk1.7.0_55.jdk/Contents/Home/jre/lib/jfr.jar
2015-06-18 22:21:02.355+0000 INFO  [o.n.k.i.DiagnosticsManager]:  [loader.1] file:/System/Library/Java/Extensions/j3dcore.jar
2015-06-18 22:21:02.355+0000 INFO  [o.n.k.i.DiagnosticsManager]:  [loader.1] file:/usr/lib/java/libjdns_sd.jnilib
2015-06-18 22:21:02.355+0000 INFO  [o.n.k.i.DiagnosticsManager]:  [classpath + loader.0] file:/Users/admin/workspace/neo4jHeroku/db/neo4j/development/system/lib/jetty-security-9.2.4.v20141103.jar
2015-06-18 22:21:02.355+0000 INFO  [o.n.k.i.DiagnosticsManager]:  [classpath + loader.0] file:/Users/admin/workspace/neo4jHeroku/db/neo4j/development/conf/
2015-06-18 22:21:02.356+0000 INFO  [o.n.k.i.DiagnosticsManager]:  [classpath + loader.0] file:/Users/admin/workspace/neo4jHeroku/db/neo4j/development/system/lib/rrd4j-2.2.jar
2015-06-18 22:21:02.356+0000 INFO  [o.n.k.i.DiagnosticsManager]:  [loader.1] file:/System/Library/Java/Extensions/j3dutils.jar
2015-06-18 22:21:02.356+0000 INFO  [o.n.k.i.DiagnosticsManager]:  [loader.1] file:/Library/Java/JavaVirtualMachines/jdk1.7.0_55.jdk/Contents/Home/jre/lib/ext/localedata.jar
2015-06-18 22:21:02.356+0000 INFO  [o.n.k.i.DiagnosticsManager]:  [classpath + loader.0] file:/Users/admin/workspace/neo4jHeroku/db/neo4j/development/system/lib/jcl-over-slf4j-1.7.7.jar
2015-06-18 22:21:02.356+0000 INFO  [o.n.k.i.DiagnosticsManager]:  [classpath + loader.0] file:/Users/admin/workspace/neo4jHeroku/db/neo4j/development/system/lib/commons-logging-1.1.1.jar
2015-06-18 22:21:02.356+0000 INFO  [o.n.k.i.DiagnosticsManager]:  [loader.1] file:/Library/Java/JavaVirtualMachines/jdk1.7.0_55.jdk/Contents/Home/jre/lib/ext/dnsns.jar
2015-06-18 22:21:02.356+0000 INFO  [o.n.k.i.DiagnosticsManager]:  [classpath + loader.0] file:/Users/admin/workspace/neo4jHeroku/db/neo4j/development/system/lib/logback-core-1.1.2.jar
2015-06-18 22:21:02.356+0000 INFO  [o.n.k.i.DiagnosticsManager]:  [loader.1] file:/System/Library/Java/Extensions/jai_core.jar
2015-06-18 22:21:02.356+0000 INFO  [o.n.k.i.DiagnosticsManager]:  [bootstrap] /Library/Java/JavaVirtualMachines/jdk1.7.0_55.jdk/Contents/Home/jre/lib/resources.jar
2015-06-18 22:21:02.356+0000 INFO  [o.n.k.i.DiagnosticsManager]:  [bootstrap] /Library/Java/JavaVirtualMachines/jdk1.7.0_55.jdk/Contents/Home/jre/lib/charsets.jar
2015-06-18 22:21:02.356+0000 INFO  [o.n.k.i.DiagnosticsManager]:  [loader.1] file:/System/Library/Java/Extensions/jai_codec.jar
2015-06-18 22:21:02.356+0000 INFO  [o.n.k.i.DiagnosticsManager]:  [loader.1] file:/Library/Java/JavaVirtualMachines/jdk1.7.0_55.jdk/Contents/Home/jre/lib/ext/sunec.jar
2015-06-18 22:21:02.356+0000 INFO  [o.n.k.i.DiagnosticsManager]:  [classpath + loader.0] file:/Users/admin/workspace/neo4jHeroku/db/neo4j/development/system/lib/logback-classic-1.1.2.jar
2015-06-18 22:21:02.356+0000 INFO  [o.n.k.i.DiagnosticsManager]:  [classpath + loader.0] file:/Users/admin/workspace/neo4jHeroku/db/neo4j/development/lib/neo4j-primitive-collections-2.2.1.jar
2015-06-18 22:21:02.356+0000 INFO  [o.n.k.i.DiagnosticsManager]:  [classpath + loader.0] file:/Users/admin/workspace/neo4jHeroku/db/neo4j/development/system/lib/jackson-core-asl-1.9.13.jar
2015-06-18 22:21:02.356+0000 INFO  [o.n.k.i.DiagnosticsManager]:  [classpath + loader.0] file:/Users/admin/workspace/neo4jHeroku/db/neo4j/development/lib/neo4j-import-tool-2.2.1.jar
2015-06-18 22:21:02.356+0000 INFO  [o.n.k.i.DiagnosticsManager]:  [classpath + loader.0] file:/Users/admin/workspace/neo4jHeroku/db/neo4j/development/system/lib/bcprov-jdk16-140.jar
2015-06-18 22:21:02.356+0000 INFO  [o.n.k.i.DiagnosticsManager]:  [classpath + loader.0] file:/Users/admin/workspace/neo4jHeroku/db/neo4j/development/system/lib/rhino-1.7R4.jar
2015-06-18 22:21:02.356+0000 INFO  [o.n.k.i.DiagnosticsManager]:  [bootstrap] /Library/Java/JavaVirtualMachines/jdk1.7.0_55.jdk/Contents/Home/jre/lib/rt.jar
2015-06-18 22:21:02.356+0000 INFO  [o.n.k.i.DiagnosticsManager]:  [classpath + loader.0] file:/Users/admin/workspace/neo4jHeroku/db/neo4j/development/system/lib/jsr311-api-1.1.2.r612.jar
2015-06-18 22:21:02.356+0000 INFO  [o.n.k.i.DiagnosticsManager]:  [loader.1] file:/Library/Java/JavaVirtualMachines/jdk1.7.0_55.jdk/Contents/Home/jre/lib/ext/sunjce_provider.jar
2015-06-18 22:21:02.356+0000 INFO  [o.n.k.i.DiagnosticsManager]:  [bootstrap] /Library/Java/JavaVirtualMachines/jdk1.7.0_55.jdk/Contents/Home/jre/lib/jsse.jar
2015-06-18 22:21:02.356+0000 INFO  [o.n.k.i.DiagnosticsManager]:  [classpath + loader.0] file:/Users/admin/workspace/neo4jHeroku/db/neo4j/development/lib/parboiled-core-1.1.7.jar
2015-06-18 22:21:02.357+0000 INFO  [o.n.k.i.DiagnosticsManager]:  [loader.1] file:/System/Library/Java/Extensions/AppleScriptEngine.jar
2015-06-18 22:21:02.357+0000 INFO  [o.n.k.i.DiagnosticsManager]:  [classpath + loader.0] file:/Users/admin/workspace/neo4jHeroku/db/neo4j/development/system/lib/mimepull-1.9.3.jar
2015-06-18 22:21:02.357+0000 INFO  [o.n.k.i.DiagnosticsManager]:  [bootstrap] /Library/Java/JavaVirtualMachines/jdk1.7.0_55.jdk/Contents/Home/jre/classes
2015-06-18 22:21:02.357+0000 INFO  [o.n.k.i.DiagnosticsManager]:  [classpath + loader.0] file:/Users/admin/workspace/neo4jHeroku/db/neo4j/development/system/lib/slf4j-api-1.7.7.jar
2015-06-18 22:21:02.357+0000 INFO  [o.n.k.i.DiagnosticsManager]:  [classpath + loader.0] file:/Users/admin/workspace/neo4jHeroku/db/neo4j/development/system/lib/neo4j-server-2.2.1.jar
2015-06-18 22:21:02.357+0000 INFO  [o.n.k.i.DiagnosticsManager]:  [classpath + loader.0] file:/Users/admin/workspace/neo4jHeroku/db/neo4j/development/lib/neo4j-jmx-2.2.1.jar
2015-06-18 22:21:02.357+0000 INFO  [o.n.k.i.DiagnosticsManager]:  [classpath + loader.0] file:/Users/admin/workspace/neo4jHeroku/db/neo4j/development/system/lib/jetty-webapp-9.2.4.v20141103.jar
2015-06-18 22:21:02.357+0000 INFO  [o.n.k.i.DiagnosticsManager]:  [loader.1] file:/Library/Java/JavaVirtualMachines/jdk1.7.0_55.jdk/Contents/Home/jre/lib/ext/zipfs.jar
2015-06-18 22:21:02.357+0000 INFO  [o.n.k.i.DiagnosticsManager]:  [classpath + loader.0] file:/Users/admin/workspace/neo4jHeroku/db/neo4j/development/system/lib/javax.servlet-api-3.1.0.jar
2015-06-18 22:21:02.357+0000 INFO  [o.n.k.i.DiagnosticsManager]:  [classpath + loader.0] file:/Users/admin/workspace/neo4jHeroku/db/neo4j/development/system/lib/jersey-multipart-1.18.1.jar
2015-06-18 22:21:02.357+0000 INFO  [o.n.k.i.DiagnosticsManager]:  [classpath + loader.0] file:/Users/admin/workspace/neo4jHeroku/db/neo4j/development/lib/neo4j-udc-2.2.1.jar
2015-06-18 22:21:02.357+0000 INFO  [o.n.k.i.DiagnosticsManager]:  [classpath + loader.0] file:/Users/admin/workspace/neo4jHeroku/db/neo4j/development/lib/neo4j-cypher-compiler-2.2-2.2.1.jar
2015-06-18 22:21:02.357+0000 INFO  [o.n.k.i.DiagnosticsManager]:  [classpath + loader.0] file:/Users/admin/workspace/neo4jHeroku/db/neo4j/development/lib/neo4j-cypher-compiler-2.0-2.0.4.jar
2015-06-18 22:21:02.357+0000 INFO  [o.n.k.i.DiagnosticsManager]:  [classpath + loader.0] file:/Users/admin/workspace/neo4jHeroku/db/neo4j/development/system/lib/jetty-util-9.2.4.v20141103.jar
2015-06-18 22:21:02.357+0000 INFO  [o.n.k.i.DiagnosticsManager]: Library path:
2015-06-18 22:21:02.357+0000 INFO  [o.n.k.i.DiagnosticsManager]: /Users/admin/Library/Java/Extensions
2015-06-18 22:21:02.357+0000 INFO  [o.n.k.i.DiagnosticsManager]: /Library/Java/Extensions
2015-06-18 22:21:02.357+0000 INFO  [o.n.k.i.DiagnosticsManager]: /Network/Library/Java/Extensions
2015-06-18 22:21:02.358+0000 INFO  [o.n.k.i.DiagnosticsManager]: /System/Library/Java/Extensions
2015-06-18 22:21:02.358+0000 INFO  [o.n.k.i.DiagnosticsManager]: /usr/lib/java
2015-06-18 22:21:02.358+0000 INFO  [o.n.k.i.DiagnosticsManager]: /Users/admin/workspace/neo4jHeroku/db/neo4j/development
2015-06-18 22:21:02.358+0000 INFO  [o.n.k.i.DiagnosticsManager]: System.properties:
2015-06-18 22:21:02.359+0000 INFO  [o.n.k.i.DiagnosticsManager]: sun.boot.library.path = /Library/Java/JavaVirtualMachines/jdk1.7.0_55.jdk/Contents/Home/jre/lib
2015-06-18 22:21:02.359+0000 INFO  [o.n.k.i.DiagnosticsManager]: org.neo4j.server.properties = conf/neo4j-server.properties
2015-06-18 22:21:02.359+0000 INFO  [o.n.k.i.DiagnosticsManager]: gopherProxySet = false
2015-06-18 22:21:02.359+0000 INFO  [o.n.k.i.DiagnosticsManager]: path.separator = :
2015-06-18 22:21:02.359+0000 INFO  [o.n.k.i.DiagnosticsManager]: file.encoding.pkg = sun.io
2015-06-18 22:21:02.359+0000 INFO  [o.n.k.i.DiagnosticsManager]: user.country = US
2015-06-18 22:21:02.360+0000 INFO  [o.n.k.i.DiagnosticsManager]: sun.java.launcher = SUN_STANDARD
2015-06-18 22:21:02.360+0000 INFO  [o.n.k.i.DiagnosticsManager]: sun.os.patch.level = unknown
2015-06-18 22:21:02.360+0000 INFO  [o.n.k.i.DiagnosticsManager]: user.dir = /Users/admin/workspace/neo4jHeroku/db/neo4j/development
2015-06-18 22:21:02.360+0000 INFO  [o.n.k.i.DiagnosticsManager]: neo4j.ext.udc.source = tarball
2015-06-18 22:21:02.360+0000 INFO  [o.n.k.i.DiagnosticsManager]: log4j.configuration = file:conf/log4j.properties
2015-06-18 22:21:02.360+0000 INFO  [o.n.k.i.DiagnosticsManager]: sun.jnu.encoding = UTF-8
2015-06-18 22:21:02.360+0000 INFO  [o.n.k.i.DiagnosticsManager]: sun.management.compiler = HotSpot 64-Bit Tiered Compilers
2015-06-18 22:21:02.360+0000 INFO  [o.n.k.i.DiagnosticsManager]: http.nonProxyHosts = local|*.local|169.254/16|*.169.254/16
2015-06-18 22:21:02.360+0000 INFO  [o.n.k.i.DiagnosticsManager]: user.home = /Users/admin
2015-06-18 22:21:02.361+0000 INFO  [o.n.k.i.DiagnosticsManager]: user.timezone = America/New_York
2015-06-18 22:21:02.361+0000 INFO  [o.n.k.i.DiagnosticsManager]: file.encoding = UTF-8
2015-06-18 22:21:02.361+0000 INFO  [o.n.k.i.DiagnosticsManager]: user.name = admin
2015-06-18 22:21:02.361+0000 INFO  [o.n.k.i.DiagnosticsManager]: sun.java.command = org.neo4j.server.Bootstrapper
2015-06-18 22:21:02.361+0000 INFO  [o.n.k.i.DiagnosticsManager]: sun.arch.data.model = 64
2015-06-18 22:21:02.361+0000 INFO  [o.n.k.i.DiagnosticsManager]: user.language = en
2015-06-18 22:21:02.361+0000 INFO  [o.n.k.i.DiagnosticsManager]: awt.toolkit = sun.lwawt.macosx.LWCToolkit
2015-06-18 22:21:02.361+0000 INFO  [o.n.k.i.DiagnosticsManager]: file.separator = /
2015-06-18 22:21:02.361+0000 INFO  [o.n.k.i.DiagnosticsManager]: sun.io.unicode.encoding = UnicodeBig
2015-06-18 22:21:02.362+0000 INFO  [o.n.k.i.DiagnosticsManager]: sun.cpu.endian = little
2015-06-18 22:21:02.362+0000 INFO  [o.n.k.i.DiagnosticsManager]: socksNonProxyHosts = local|*.local|169.254/16|*.169.254/16
2015-06-18 22:21:02.362+0000 INFO  [o.n.k.i.DiagnosticsManager]: neo4j.instance = /Users/admin/workspace/neo4jHeroku/db/neo4j/development
2015-06-18 22:21:02.362+0000 INFO  [o.n.k.i.DiagnosticsManager]: ftp.nonProxyHosts = local|*.local|169.254/16|*.169.254/16
2015-06-18 22:21:02.362+0000 INFO  [o.n.k.i.DiagnosticsManager]: neo4j.home = /Users/admin/workspace/neo4jHeroku/db/neo4j/development
2015-06-18 22:21:02.362+0000 INFO  [o.n.k.i.DiagnosticsManager]: sun.cpu.isalist = 
2015-06-18 22:21:02.362+0000 INFO  [o.n.k.i.DiagnosticsManager]: Network information:
2015-06-18 22:21:02.363+0000 INFO  [o.n.k.i.DiagnosticsManager]: Interface en0:
2015-06-18 22:21:02.363+0000 INFO  [o.n.k.i.DiagnosticsManager]:     address: fe80:0:0:0:60c:ceff:feda:fd1a%4
2015-06-18 22:21:02.363+0000 INFO  [o.n.k.i.DiagnosticsManager]:     address: 146.95.79.234
2015-06-18 22:21:02.363+0000 INFO  [o.n.k.i.DiagnosticsManager]: Interface lo0:
2015-06-18 22:21:02.363+0000 INFO  [o.n.k.i.DiagnosticsManager]:     address: 0:0:0:0:0:0:0:1
2015-06-18 22:21:02.364+0000 INFO  [o.n.k.i.DiagnosticsManager]:     address: fe80:0:0:0:0:0:0:1%1
2015-06-18 22:21:02.364+0000 INFO  [o.n.k.i.DiagnosticsManager]:     address: 127.0.0.1
2015-06-18 22:21:02.364+0000 INFO  [o.n.k.i.DiagnosticsManager]: --- INITIALIZED diagnostics END ---
2015-06-18 22:21:02.624+0000 INFO  [o.n.k.i.s.StoreFactory]: Creating new db @ /Users/admin/workspace/neo4jHeroku/db/neo4j/development/data/graph.db/neostore
2015-06-18 22:21:02.965+0000 INFO  [o.n.k.a.i.i.LuceneLabelScanStore]: No lucene scan store index found, this might just be first use. Preparing to rebuild.
2015-06-18 22:21:03.001+0000 INFO  [o.n.k.a.i.i.LuceneLabelScanStore]: No lucene scan store index found, this might just be first use. Preparing to rebuild.
2015-06-18 22:21:03.104+0000 INFO  [o.n.k.NeoStoreDataSource]: Opened logical log [/Users/admin/workspace/neo4jHeroku/db/neo4j/development/data/graph.db/neostore.transaction.db.0] version=0, lastTxId=1 (clean)
2015-06-18 22:21:03.110+0000 WARN  [o.n.k.i.s.StoreFactory]: Missing counts store, rebuilding it.
2015-06-18 22:21:03.220+0000 INFO  [o.n.k.a.i.i.LuceneLabelScanStore]: Rebuilding lucene scan store, this may take a while
2015-06-18 22:21:03.221+0000 INFO  [o.n.k.a.i.i.LuceneLabelScanStore]: Lucene scan store rebuilt (roughly -1 nodes)
2015-06-18 22:21:03.232+0000 INFO  [o.n.k.KernelHealth]: Kernel health set to OK
2015-06-18 22:21:04.180+0000 INFO  [o.n.k.i.DiagnosticsManager]: --- STARTED diagnostics for KernelDiagnostics:Versions START ---
2015-06-18 22:21:04.180+0000 INFO  [o.n.k.i.DiagnosticsManager]: Graph Database: org.neo4j.kernel.EmbeddedGraphDatabase StoreId{creationTime=1434666062624, randomId=-8752678044957471101, storeVersion=14969031248344582, upgradeTime=1434666062624, upgradeId=1}
2015-06-18 22:21:04.180+0000 INFO  [o.n.k.i.DiagnosticsManager]: Kernel version: Neo4j - Graph Database Kernel (neo4j-kernel), version: 2.2.1
2015-06-18 22:21:04.180+0000 INFO  [o.n.k.i.DiagnosticsManager]: Neo4j component versions:
2015-06-18 22:21:04.190+0000 INFO  [o.n.k.i.DiagnosticsManager]:   Neo4j - Lucene Index (neo4j-lucene-index), version: 2.2.1; revision: 2.2.1:2.2:904/c23258e99edbfff137bea0d83af56c79a46bca31
2015-06-18 22:21:04.190+0000 INFO  [o.n.k.i.DiagnosticsManager]:   Neo4j - JMX support (neo4j-jmx), version: 2.2.1; revision: 2.2.1:2.2:904/c23258e99edbfff137bea0d83af56c79a46bca31
2015-06-18 22:21:04.190+0000 INFO  [o.n.k.i.DiagnosticsManager]:   Neo4j - Graph Matching (neo4j-graph-matching), version: 2.2.1; revision: 2.2.1:2.2:904/c23258e99edbfff137bea0d83af56c79a46bca31
2015-06-18 22:21:04.190+0000 INFO  [o.n.k.i.DiagnosticsManager]:   Neo4j - Cypher Compiler 2.1 (neo4j-cypher-compiler-2.1), version: 2.1.7; revision: 2.1.7:2.1-maint:649/ed233fc1087f4549d1956b8ec4a504fe2f13a446
2015-06-18 22:21:04.191+0000 INFO  [o.n.k.i.DiagnosticsManager]:   Neo4j - Server API (server-api), version: 2.2.1; revision: 2.2.1:2.2:904/c23258e99edbfff137bea0d83af56c79a46bca31
2015-06-18 22:21:04.191+0000 INFO  [o.n.k.i.DiagnosticsManager]:   Neo4j - Import Command Line Tool (neo4j-import-tool), version: 2.2.1; revision: 2.2.1:2.2:904/c23258e99edbfff137bea0d83af56c79a46bca31
2015-06-18 22:21:04.191+0000 INFO  [o.n.k.i.DiagnosticsManager]:   Neo4j - Graph Database Kernel (neo4j-kernel), version: 2.2.1; revision: 2.2.1:2.2:904/c23258e99edbfff137bea0d83af56c79a46bca31
2015-06-18 22:21:04.191+0000 INFO  [o.n.k.i.DiagnosticsManager]:   Neo4j - Cypher (neo4j-cypher), version: 2.2.1; revision: 2.2.1:2.2:904/c23258e99edbfff137bea0d83af56c79a46bca31
2015-06-18 22:21:04.191+0000 INFO  [o.n.k.i.DiagnosticsManager]:   Neo4j - Server (neo4j-server), version: 2.2.1; revision: 2.2.1:2.2:904/c23258e99edbfff137bea0d83af56c79a46bca31
2015-06-18 22:21:04.191+0000 INFO  [o.n.k.i.DiagnosticsManager]:   Neo4j - Graph Algorithms (neo4j-graph-algo), version: 2.2.1; revision: 2.2.1:2.2:904/c23258e99edbfff137bea0d83af56c79a46bca31
2015-06-18 22:21:04.191+0000 INFO  [o.n.k.i.DiagnosticsManager]:   Neo4j - Cypher Compiler 2.2 (neo4j-cypher-compiler-2.2), version: 2.2.1; revision: 2.2.1:2.2:904/c23258e99edbfff137bea0d83af56c79a46bca31
2015-06-18 22:21:04.191+0000 INFO  [o.n.k.i.DiagnosticsManager]:   Neo4j - Cypher Compiler 2.0 (neo4j-cypher-compiler-2.0), version: 2.0.4; revision: 2.0.4:2.0-maint:130/4a7d10bc274a5d26a180bbe9df25100e8a694748
2015-06-18 22:21:04.191+0000 INFO  [o.n.k.i.DiagnosticsManager]:   Neo4j - Consistency Checker (neo4j-consistency-check), version: 2.2.1; revision: 2.2.1:2.2:904/c23258e99edbfff137bea0d83af56c79a46bca31
2015-06-18 22:21:04.191+0000 INFO  [o.n.k.i.DiagnosticsManager]:   Neo4j - Generic shell (neo4j-shell), version: 2.2.1; revision: 2.2.1:2.2:904/c23258e99edbfff137bea0d83af56c79a46bca31
2015-06-18 22:21:04.191+0000 INFO  [o.n.k.i.DiagnosticsManager]:   Neo4j - Cypher Compiler 1.9 (neo4j-cypher-compiler-1.9), version: 2.0.4; revision: 2.0.4:2.0-maint:130/4a7d10bc274a5d26a180bbe9df25100e8a694748
2015-06-18 22:21:04.191+0000 INFO  [o.n.k.i.DiagnosticsManager]:   neo4j-udc, version: 2.2.1; revision: 2.2.1:2.2:904/c23258e99edbfff137bea0d83af56c79a46bca31
2015-06-18 22:21:04.191+0000 INFO  [o.n.k.i.DiagnosticsManager]: --- STARTED diagnostics for KernelDiagnostics:Versions END ---
2015-06-18 22:21:04.193+0000 INFO  [o.n.k.i.DiagnosticsManager]: --- STARTED diagnostics for NEO_STORE_VERSIONS START ---
2015-06-18 22:21:04.193+0000 INFO  [o.n.k.i.DiagnosticsManager]: Store versions:
2015-06-18 22:21:04.193+0000 INFO  [o.n.k.i.DiagnosticsManager]: Store versions:
2015-06-18 22:21:04.194+0000 INFO  [o.n.k.i.DiagnosticsManager]:   NeoStore v0.A.5
2015-06-18 22:21:04.194+0000 INFO  [o.n.k.i.DiagnosticsManager]:   SchemaStore v0.A.5
2015-06-18 22:21:04.194+0000 INFO  [o.n.k.i.DiagnosticsManager]:   NodeStore v0.A.5
2015-06-18 22:21:04.194+0000 INFO  [o.n.k.i.DiagnosticsManager]:   RelationshipStore v0.A.5
2015-06-18 22:21:04.194+0000 INFO  [o.n.k.i.DiagnosticsManager]:   RelationshipTypeStore v0.A.5
2015-06-18 22:21:04.194+0000 INFO  [o.n.k.i.DiagnosticsManager]:   LabelTokenStore v0.A.5
2015-06-18 22:21:04.194+0000 INFO  [o.n.k.i.DiagnosticsManager]:   PropertyStore v0.A.5
2015-06-18 22:21:04.194+0000 INFO  [o.n.k.i.DiagnosticsManager]:   PropertyIndexStore v0.A.5
2015-06-18 22:21:04.194+0000 INFO  [o.n.k.i.DiagnosticsManager]:   StringPropertyStore v0.A.5
2015-06-18 22:21:04.194+0000 INFO  [o.n.k.i.DiagnosticsManager]:   ArrayPropertyStore v0.A.5
2015-06-18 22:21:04.194+0000 INFO  [o.n.k.i.DiagnosticsManager]:   RelationshipGroupStore v0.A.5
2015-06-18 22:21:04.194+0000 INFO  [o.n.k.i.DiagnosticsManager]: --- STARTED diagnostics for NEO_STORE_VERSIONS END ---
2015-06-18 22:21:04.194+0000 INFO  [o.n.k.i.DiagnosticsManager]: --- STARTED diagnostics for NEO_STORE_ID_USAGE START ---
2015-06-18 22:21:04.194+0000 INFO  [o.n.k.i.DiagnosticsManager]: Id usage:
2015-06-18 22:21:04.194+0000 INFO  [o.n.k.i.DiagnosticsManager]: Id usage:
2015-06-18 22:21:04.194+0000 INFO  [o.n.k.i.DiagnosticsManager]:   SchemaStore: used=1 high=0
2015-06-18 22:21:04.195+0000 INFO  [o.n.k.i.DiagnosticsManager]:   NodeStore: used=0 high=-1
2015-06-18 22:21:04.195+0000 INFO  [o.n.k.i.DiagnosticsManager]:   RelationshipStore: used=0 high=-1
2015-06-18 22:21:04.195+0000 INFO  [o.n.k.i.DiagnosticsManager]:   RelationshipTypeStore: used=0 high=-1
2015-06-18 22:21:04.195+0000 INFO  [o.n.k.i.DiagnosticsManager]:   LabelTokenStore: used=0 high=-1
2015-06-18 22:21:04.195+0000 INFO  [o.n.k.i.DiagnosticsManager]:   PropertyStore: used=0 high=-1
2015-06-18 22:21:04.195+0000 INFO  [o.n.k.i.DiagnosticsManager]:   PropertyIndexStore: used=0 high=-1
2015-06-18 22:21:04.195+0000 INFO  [o.n.k.i.DiagnosticsManager]:   StringPropertyStore: used=1 high=0
2015-06-18 22:21:04.195+0000 INFO  [o.n.k.i.DiagnosticsManager]:   ArrayPropertyStore: used=1 high=0
2015-06-18 22:21:04.196+0000 INFO  [o.n.k.i.DiagnosticsManager]:   RelationshipGroupStore: used=1 high=0
2015-06-18 22:21:04.196+0000 INFO  [o.n.k.i.DiagnosticsManager]: --- STARTED diagnostics for NEO_STORE_ID_USAGE END ---
2015-06-18 22:21:04.196+0000 INFO  [o.n.k.i.DiagnosticsManager]: --- STARTED diagnostics for KernelDiagnostics:StoreFiles START ---
2015-06-18 22:21:04.196+0000 INFO  [o.n.k.i.DiagnosticsManager]: Disk space on partition (Total / Free / Free %): 172713435136 / 116642230272 / 67
Storage files: (filename : modification date - size)
2015-06-18 22:21:04.197+0000 INFO  [o.n.k.i.DiagnosticsManager]:   index:
2015-06-18 22:21:04.197+0000 INFO  [o.n.k.i.DiagnosticsManager]:   - Total: 2015-06-18T18:21:02-0400 - 0.00 B
2015-06-18 22:21:04.198+0000 INFO  [o.n.k.i.DiagnosticsManager]:   lock: 2015-06-18T18:21:02-0400 - 0.00 B
2015-06-18 22:21:04.198+0000 INFO  [o.n.k.i.DiagnosticsManager]:   messages.log: 2015-06-18T18:21:04-0400 - 34.39 kB
2015-06-18 22:21:04.198+0000 INFO  [o.n.k.i.DiagnosticsManager]:   neostore: 2015-06-18T18:21:02-0400 - 99.00 B
2015-06-18 22:21:04.198+0000 INFO  [o.n.k.i.DiagnosticsManager]:   neostore.counts.db.a: 2015-06-18T18:21:03-0400 - 114.00 B
2015-06-18 22:21:04.199+0000 INFO  [o.n.k.i.DiagnosticsManager]:   neostore.id: 2015-06-18T18:21:02-0400 - 9.00 B
2015-06-18 22:21:04.199+0000 INFO  [o.n.k.i.DiagnosticsManager]:   neostore.labeltokenstore.db: 2015-06-18T18:21:02-0400 - 0.00 B
2015-06-18 22:21:04.199+0000 INFO  [o.n.k.i.DiagnosticsManager]:   neostore.labeltokenstore.db.id: 2015-06-18T18:21:02-0400 - 9.00 B
2015-06-18 22:21:04.199+0000 INFO  [o.n.k.i.DiagnosticsManager]:   neostore.labeltokenstore.db.names: 2015-06-18T18:21:02-0400 - 38.00 B
2015-06-18 22:21:04.200+0000 INFO  [o.n.k.i.DiagnosticsManager]:   neostore.labeltokenstore.db.names.id: 2015-06-18T18:21:02-0400 - 9.00 B
2015-06-18 22:21:04.200+0000 INFO  [o.n.k.i.DiagnosticsManager]:   neostore.nodestore.db: 2015-06-18T18:21:02-0400 - 0.00 B
2015-06-18 22:21:04.200+0000 INFO  [o.n.k.i.DiagnosticsManager]:   neostore.nodestore.db.id: 2015-06-18T18:21:02-0400 - 9.00 B
2015-06-18 22:21:04.200+0000 INFO  [o.n.k.i.DiagnosticsManager]:   neostore.nodestore.db.labels: 2015-06-18T18:21:02-0400 - 68.00 B
2015-06-18 22:21:04.201+0000 INFO  [o.n.k.i.DiagnosticsManager]:   neostore.nodestore.db.labels.id: 2015-06-18T18:21:02-0400 - 9.00 B
2015-06-18 22:21:04.201+0000 INFO  [o.n.k.i.DiagnosticsManager]:   neostore.propertystore.db: 2015-06-18T18:21:02-0400 - 0.00 B
2015-06-18 22:21:04.201+0000 INFO  [o.n.k.i.DiagnosticsManager]:   neostore.propertystore.db.arrays: 2015-06-18T18:21:02-0400 - 128.00 B
2015-06-18 22:21:04.202+0000 INFO  [o.n.k.i.DiagnosticsManager]:   neostore.propertystore.db.arrays.id: 2015-06-18T18:21:02-0400 - 9.00 B
2015-06-18 22:21:04.202+0000 INFO  [o.n.k.i.DiagnosticsManager]:   neostore.propertystore.db.id: 2015-06-18T18:21:02-0400 - 9.00 B
2015-06-18 22:21:04.202+0000 INFO  [o.n.k.i.DiagnosticsManager]:   neostore.propertystore.db.index: 2015-06-18T18:21:02-0400 - 0.00 B
2015-06-18 22:21:04.203+0000 INFO  [o.n.k.i.DiagnosticsManager]:   neostore.propertystore.db.index.id: 2015-06-18T18:21:02-0400 - 9.00 B
2015-06-18 22:21:04.203+0000 INFO  [o.n.k.i.DiagnosticsManager]:   neostore.propertystore.db.index.keys: 2015-06-18T18:21:02-0400 - 38.00 B
2015-06-18 22:21:04.203+0000 INFO  [o.n.k.i.DiagnosticsManager]:   neostore.propertystore.db.index.keys.id: 2015-06-18T18:21:02-0400 - 9.00 B
2015-06-18 22:21:04.204+0000 INFO  [o.n.k.i.DiagnosticsManager]:   neostore.propertystore.db.strings: 2015-06-18T18:21:02-0400 - 128.00 B
2015-06-18 22:21:04.204+0000 INFO  [o.n.k.i.DiagnosticsManager]:   neostore.propertystore.db.strings.id: 2015-06-18T18:21:02-0400 - 9.00 B
2015-06-18 22:21:04.204+0000 INFO  [o.n.k.i.DiagnosticsManager]:   neostore.relationshipgroupstore.db: 2015-06-18T18:21:02-0400 - 25.00 B
2015-06-18 22:21:04.205+0000 INFO  [o.n.k.i.DiagnosticsManager]:   neostore.relationshipgroupstore.db.id: 2015-06-18T18:21:02-0400 - 9.00 B
2015-06-18 22:21:04.205+0000 INFO  [o.n.k.i.DiagnosticsManager]:   neostore.relationshipstore.db: 2015-06-18T18:21:02-0400 - 0.00 B
2015-06-18 22:21:04.205+0000 INFO  [o.n.k.i.DiagnosticsManager]:   neostore.relationshipstore.db.id: 2015-06-18T18:21:02-0400 - 9.00 B
2015-06-18 22:21:04.205+0000 INFO  [o.n.k.i.DiagnosticsManager]:   neostore.relationshiptypestore.db: 2015-06-18T18:21:02-0400 - 0.00 B
2015-06-18 22:21:04.206+0000 INFO  [o.n.k.i.DiagnosticsManager]:   neostore.relationshiptypestore.db.id: 2015-06-18T18:21:02-0400 - 9.00 B
2015-06-18 22:21:04.206+0000 INFO  [o.n.k.i.DiagnosticsManager]:   neostore.relationshiptypestore.db.names: 2015-06-18T18:21:02-0400 - 38.00 B
2015-06-18 22:21:04.206+0000 INFO  [o.n.k.i.DiagnosticsManager]:   neostore.relationshiptypestore.db.names.id: 2015-06-18T18:21:02-0400 - 9.00 B
2015-06-18 22:21:04.206+0000 INFO  [o.n.k.i.DiagnosticsManager]:   neostore.schemastore.db: 2015-06-18T18:21:02-0400 - 64.00 B
2015-06-18 22:21:04.207+0000 INFO  [o.n.k.i.DiagnosticsManager]:   neostore.schemastore.db.id: 2015-06-18T18:21:02-0400 - 9.00 B
2015-06-18 22:21:04.207+0000 INFO  [o.n.k.i.DiagnosticsManager]:   neostore.transaction.db.0: 2015-06-18T18:21:03-0400 - 16.00 B
2015-06-18 22:21:04.207+0000 INFO  [o.n.k.i.DiagnosticsManager]:   schema:
2015-06-18 22:21:04.207+0000 INFO  [o.n.k.i.DiagnosticsManager]:     label:
2015-06-18 22:21:04.207+0000 INFO  [o.n.k.i.DiagnosticsManager]:       lucene:
2015-06-18 22:21:04.208+0000 INFO  [o.n.k.i.DiagnosticsManager]:         write.lock: 2015-06-18T18:21:03-0400 - 0.00 B
2015-06-18 22:21:04.208+0000 INFO  [o.n.k.i.DiagnosticsManager]:       - Total: 2015-06-18T18:21:03-0400 - 0.00 B
2015-06-18 22:21:04.208+0000 INFO  [o.n.k.i.DiagnosticsManager]:     - Total: 2015-06-18T18:21:03-0400 - 0.00 B
2015-06-18 22:21:04.208+0000 INFO  [o.n.k.i.DiagnosticsManager]:   - Total: 2015-06-18T18:21:02-0400 - 0.00 B
2015-06-18 22:21:04.208+0000 INFO  [o.n.k.i.DiagnosticsManager]:   store_lock: 2015-06-18T18:21:02-0400 - 0.00 B
2015-06-18 22:21:04.208+0000 INFO  [o.n.k.i.DiagnosticsManager]: --- STARTED diagnostics for KernelDiagnostics:StoreFiles END ---
2015-06-18 22:21:04.264+0000 INFO  [o.n.k.EmbeddedGraphDatabase]: Database is now ready
2015-06-18 22:21:04.264+0000 INFO  [o.n.s.d.LifecycleManagingDatabase]: Successfully started database
2015-06-18 22:21:04.284+0000 INFO  [o.n.k.i.DiagnosticsManager]: --- SERVER STARTED START ---
2015-06-18 22:21:04.371+0000 INFO  [o.n.s.CommunityNeoServer]: Starting HTTP on port :7474 with 4 threads available
2015-06-18 22:21:04.619+0000 INFO  [o.n.s.CommunityNeoServer]: Enabling HTTPS on port :7473
2015-06-18 22:21:04.619+0000 INFO  [o.n.s.CommunityNeoServer]: No SSL certificate found, generating a self-signed certificate..
2015-06-18 22:21:05.138+0000 INFO  [o.n.s.w.Jetty9WebServer]: Mounting static content at [/webadmin] from [webadmin-html]
2015-06-18 22:21:05.198+0000 INFO  [o.n.s.w.Jetty9WebServer]: Mounting static content at [/browser] from [browser]
2015-06-18 22:21:07.003+0000 INFO  [o.n.s.CommunityNeoServer]: Server started on: http://localhost:7474/
2015-06-18 22:21:07.003+0000 INFO  [o.n.s.CommunityNeoServer]: Remote interface ready and available at [http://localhost:7474/]
2015-06-18 22:21:07.003+0000 INFO  [o.n.k.i.DiagnosticsManager]: --- SERVER STARTED END ---
2015-06-18 22:34:33.017+0000 INFO  [o.n.s.CommunityBootstrapper]: Neo4j Server shutdown initiated by request
2015-06-18 22:34:33.038+0000 INFO  [o.n.s.CommunityNeoServer]: Successfully shutdown Neo4j Server.
2015-06-18 22:34:33.038+0000 INFO  [o.n.k.EmbeddedGraphDatabase]: Shutdown started
2015-06-18 22:34:33.038+0000 INFO  [o.n.k.EmbeddedGraphDatabase]: Database is now unavailable
2015-06-18 22:34:33.060+0000 INFO  [o.n.k.NeoStoreDataSource]: NeoStore closed
2015-06-18 22:34:33.060+0000 INFO  [o.n.k.i.DiagnosticsManager]: --- STOPPING diagnostics START ---
2015-06-18 22:34:33.060+0000 INFO  [o.n.k.i.DiagnosticsManager]: --- STOPPING diagnostics END ---
2015-06-18 22:34:33.069+0000 INFO  [o.n.s.d.LifecycleManagingDatabase]: Successfully stopped database
2015-06-18 22:34:33.070+0000 INFO  [o.n.s.CommunityNeoServer]: Successfully shutdown database.
2015-06-18 22:34:35.234+0000 INFO  [o.n.s.CommunityNeoServer]: Setting startup timeout to: 120000ms based on 120000
2015-06-18 22:34:35.404+0000 INFO  [o.n.k.InternalAbstractGraphDatabase]: No locking implementation specified, defaulting to 'community'
2015-06-18 22:34:35.541+0000 INFO  [o.n.k.i.DiagnosticsManager]: --- INITIALIZED diagnostics START ---
2015-06-18 22:34:35.543+0000 INFO  [o.n.k.i.DiagnosticsManager]: Neo4j Kernel properties:
2015-06-18 22:34:35.549+0000 INFO  [o.n.k.i.DiagnosticsManager]: store_dir=/Users/admin/workspace/neo4jHeroku/db/neo4j/development/data/graph.db
2015-06-18 22:34:35.549+0000 INFO  [o.n.k.i.DiagnosticsManager]: remote_shell_enabled=true
2015-06-18 22:34:35.551+0000 INFO  [o.n.k.i.DiagnosticsManager]: Diagnostics providers:
2015-06-18 22:34:35.552+0000 INFO  [o.n.k.i.DiagnosticsManager]: org.neo4j.kernel.configuration.Config
2015-06-18 22:34:35.552+0000 INFO  [o.n.k.i.DiagnosticsManager]: org.neo4j.kernel.info.DiagnosticsManager
2015-06-18 22:34:35.552+0000 INFO  [o.n.k.i.DiagnosticsManager]: SYSTEM_MEMORY
2015-06-18 22:34:35.552+0000 INFO  [o.n.k.i.DiagnosticsManager]: JAVA_MEMORY
2015-06-18 22:34:35.552+0000 INFO  [o.n.k.i.DiagnosticsManager]: OPERATING_SYSTEM
2015-06-18 22:34:35.552+0000 INFO  [o.n.k.i.DiagnosticsManager]: JAVA_VIRTUAL_MACHINE
2015-06-18 22:34:35.552+0000 INFO  [o.n.k.i.DiagnosticsManager]: CLASSPATH
2015-06-18 22:34:35.552+0000 INFO  [o.n.k.i.DiagnosticsManager]: LIBRARY_PATH
2015-06-18 22:34:35.552+0000 INFO  [o.n.k.i.DiagnosticsManager]: SYSTEM_PROPERTIES
2015-06-18 22:34:35.552+0000 INFO  [o.n.k.i.DiagnosticsManager]: NETWORK
2015-06-18 22:34:35.553+0000 INFO  [o.n.k.i.DiagnosticsManager]: System memory information:
2015-06-18 22:34:35.559+0000 INFO  [o.n.k.i.DiagnosticsManager]: Total Physical memory: 4.00 GB
2015-06-18 22:34:35.560+0000 INFO  [o.n.k.i.DiagnosticsManager]: Free Physical memory: 1.05 GB
2015-06-18 22:34:35.560+0000 INFO  [o.n.k.i.DiagnosticsManager]: Committed virtual memory: 3.58 GB
2015-06-18 22:34:35.560+0000 INFO  [o.n.k.i.DiagnosticsManager]: Total swap space: 64.00 MB
2015-06-18 22:34:35.561+0000 INFO  [o.n.k.i.DiagnosticsManager]: Free swap space: 64.00 MB
2015-06-18 22:34:35.561+0000 INFO  [o.n.k.i.DiagnosticsManager]: JVM memory information:
2015-06-18 22:34:35.562+0000 INFO  [o.n.k.i.DiagnosticsManager]: Free  memory: 27.60 MB
2015-06-18 22:34:35.562+0000 INFO  [o.n.k.i.DiagnosticsManager]: Total memory: 61.88 MB
2015-06-18 22:34:35.562+0000 INFO  [o.n.k.i.DiagnosticsManager]: Max   memory: 990.75 MB
2015-06-18 22:34:35.566+0000 INFO  [o.n.k.i.DiagnosticsManager]: Garbage Collector: ParNew: [Par Eden Space, Par Survivor Space]
2015-06-18 22:34:35.566+0000 INFO  [o.n.k.i.DiagnosticsManager]: Garbage Collector: ConcurrentMarkSweep: [Par Eden Space, Par Survivor Space, CMS Old Gen, CMS Perm Gen]
2015-06-18 22:34:35.567+0000 INFO  [o.n.k.i.DiagnosticsManager]: Memory Pool: Code Cache (Non-heap memory): committed=2.44 MB, used=732.38 kB, max=48.00 MB, threshold=0.00 B
2015-06-18 22:34:35.568+0000 INFO  [o.n.k.i.DiagnosticsManager]: Memory Pool: Par Eden Space (Heap memory): committed=17.06 MB, used=6.00 MB, max=266.25 MB, threshold=?
2015-06-18 22:34:35.569+0000 INFO  [o.n.k.i.DiagnosticsManager]: Memory Pool: Par Survivor Space (Heap memory): committed=2.13 MB, used=2.13 MB, max=33.25 MB, threshold=?
2015-06-18 22:34:35.569+0000 INFO  [o.n.k.i.DiagnosticsManager]: Memory Pool: CMS Old Gen (Heap memory): committed=42.69 MB, used=26.15 MB, max=691.25 MB, threshold=0.00 B
2015-06-18 22:34:35.570+0000 INFO  [o.n.k.i.DiagnosticsManager]: Memory Pool: CMS Perm Gen (Non-heap memory): committed=20.75 MB, used=12.58 MB, max=82.00 MB, threshold=0.00 B
2015-06-18 22:34:35.570+0000 INFO  [o.n.k.i.DiagnosticsManager]: Operating system information:
2015-06-18 22:34:35.572+0000 INFO  [o.n.k.i.DiagnosticsManager]: Operating System: Mac OS X; version: 10.8.5; arch: x86_64; cpus: 4
2015-06-18 22:34:35.572+0000 INFO  [o.n.k.i.DiagnosticsManager]: Max number of file descriptors: 10240
2015-06-18 22:34:35.572+0000 INFO  [o.n.k.i.DiagnosticsManager]: Number of open file descriptors: 87
2015-06-18 22:34:35.573+0000 INFO  [o.n.k.i.DiagnosticsManager]: Process id: 808@localhost
2015-06-18 22:34:35.573+0000 INFO  [o.n.k.i.DiagnosticsManager]: Byte order: LITTLE_ENDIAN
2015-06-18 22:34:35.573+0000 INFO  [o.n.k.i.DiagnosticsManager]: Local timezone: America/New_York
2015-06-18 22:34:35.574+0000 INFO  [o.n.k.i.DiagnosticsManager]: JVM information:
2015-06-18 22:34:35.574+0000 INFO  [o.n.k.i.DiagnosticsManager]: VM Name: Java HotSpot(TM) 64-Bit Server VM
2015-06-18 22:34:35.574+0000 INFO  [o.n.k.i.DiagnosticsManager]: VM Vendor: Oracle Corporation
2015-06-18 22:34:35.574+0000 INFO  [o.n.k.i.DiagnosticsManager]: VM Version: 24.55-b03
2015-06-18 22:34:35.574+0000 INFO  [o.n.k.i.DiagnosticsManager]: JIT compiler: HotSpot 64-Bit Tiered Compilers
2015-06-18 22:34:35.575+0000 INFO  [o.n.k.i.DiagnosticsManager]: VM Arguments: [-XX:+DisableExplicitGC, -Dorg.neo4j.server.properties=conf/neo4j-server.properties, -Djava.util.logging.config.file=conf/logging.properties, -Dlog4j.configuration=file:conf/log4j.properties, -XX:+UseConcMarkSweepGC, -XX:+CMSClassUnloadingEnabled, -XX:-OmitStackTraceInFastThrow, -XX:hashCode=5, -Dneo4j.ext.udc.source=tarball, -Dneo4j.home=/Users/admin/workspace/neo4jHeroku/db/neo4j/development, -Dneo4j.instance=/Users/admin/workspace/neo4jHeroku/db/neo4j/development, -Dfile.encoding=UTF-8]
2015-06-18 22:34:35.575+0000 INFO  [o.n.k.i.DiagnosticsManager]: Java classpath:
2015-06-18 22:34:35.578+0000 INFO  [o.n.k.i.DiagnosticsManager]:  [classpath + loader.0] file:/Users/admin/workspace/neo4jHeroku/db/neo4j/development/system/lib/jetty-xml-9.2.4.v20141103.jar
2015-06-18 22:34:35.579+0000 INFO  [o.n.k.i.DiagnosticsManager]:  [classpath + loader.0] file:/Users/admin/workspace/neo4jHeroku/db/neo4j/development/system/lib/commons-configuration-1.10.jar
2015-06-18 22:34:35.579+0000 INFO  [o.n.k.i.DiagnosticsManager]:  [classpath + loader.0] file:/Users/admin/workspace/neo4jHeroku/db/neo4j/development/lib/neo4j-graph-algo-2.2.1.jar
2015-06-18 22:34:35.579+0000 INFO  [o.n.k.i.DiagnosticsManager]:  [loader.1] file:/System/Library/Java/Extensions/dns_sd.jar
2015-06-18 22:34:35.579+0000 INFO  [o.n.k.i.DiagnosticsManager]:  [classpath + loader.0] file:/Users/admin/workspace/neo4jHeroku/db/neo4j/development/lib/neo4j-graph-matching-2.2.1.jar
2015-06-18 22:34:35.579+0000 INFO  [o.n.k.i.DiagnosticsManager]:  [classpath + loader.0] file:/Users/admin/workspace/neo4jHeroku/db/neo4j/development/lib/neo4j-consistency-check-2.2.1.jar
2015-06-18 22:34:35.579+0000 INFO  [o.n.k.i.DiagnosticsManager]:  [classpath + loader.0] file:/Users/admin/workspace/neo4jHeroku/db/neo4j/development/lib/neo4j-csv-2.2.1.jar
2015-06-18 22:34:35.579+0000 INFO  [o.n.k.i.DiagnosticsManager]:  [classpath + loader.0] file:/Users/admin/workspace/neo4jHeroku/db/neo4j/development/lib/neo4j-cypher-compiler-1.9-2.0.4.jar
2015-06-18 22:34:35.579+0000 INFO  [o.n.k.i.DiagnosticsManager]:  [classpath + loader.0] file:/Users/admin/workspace/neo4jHeroku/db/neo4j/development/system/lib/jetty-http-9.2.4.v20141103.jar
2015-06-18 22:34:35.579+0000 INFO  [o.n.k.i.DiagnosticsManager]:  [loader.1] file:/System/Library/Java/Extensions/MRJToolkit.jar
2015-06-18 22:34:35.579+0000 INFO  [o.n.k.i.DiagnosticsManager]:  [classpath + loader.0] file:/Users/admin/workspace/neo4jHeroku/db/neo4j/development/system/lib/jersey-servlet-1.18.1.jar
2015-06-18 22:34:35.579+0000 INFO  [o.n.k.i.DiagnosticsManager]:  [classpath + loader.0] file:/Users/admin/workspace/neo4jHeroku/db/neo4j/development/lib/neo4j-cypher-compiler-2.1-2.1.7.jar
2015-06-18 22:34:35.579+0000 INFO  [o.n.k.i.DiagnosticsManager]:  [classpath + loader.0] file:/Users/admin/workspace/neo4jHeroku/db/neo4j/development/lib/neo4j-kernel-2.2.1.jar
2015-06-18 22:34:35.579+0000 INFO  [o.n.k.i.DiagnosticsManager]:  [loader.1] file:/System/Library/Java/Extensions/vecmath.jar
2015-06-18 22:34:35.579+0000 INFO  [o.n.k.i.DiagnosticsManager]:  [loader.1] file:/System/Library/Java/Extensions/libmlib_jai.jnilib
2015-06-18 22:34:35.579+0000 INFO  [o.n.k.i.DiagnosticsManager]:  [classpath + loader.0] file:/Users/admin/workspace/neo4jHeroku/db/neo4j/development/system/lib/commons-beanutils-1.8.3.jar
2015-06-18 22:34:35.580+0000 INFO  [o.n.k.i.DiagnosticsManager]:  [classpath + loader.0] file:/Users/admin/workspace/neo4jHeroku/db/neo4j/development/lib/neo4j-shell-2.2.1.jar
2015-06-18 22:34:35.580+0000 INFO  [o.n.k.i.DiagnosticsManager]:  [classpath + loader.0] file:/Users/admin/workspace/neo4jHeroku/db/neo4j/development/system/lib/jetty-servlet-9.2.4.v20141103.jar
2015-06-18 22:34:35.580+0000 INFO  [o.n.k.i.DiagnosticsManager]:  [classpath + loader.0] file:/Users/admin/workspace/neo4jHeroku/db/neo4j/development/system/lib/jetty-server-9.2.4.v20141103.jar
2015-06-18 22:34:35.580+0000 INFO  [o.n.k.i.DiagnosticsManager]:  [classpath + loader.0] file:/Users/admin/workspace/neo4jHeroku/db/neo4j/development/system/lib/neo4j-browser-2.2.1.jar
2015-06-18 22:34:35.580+0000 INFO  [o.n.k.i.DiagnosticsManager]:  [classpath + loader.0] file:/Users/admin/workspace/neo4jHeroku/db/neo4j/development/system/lib/jackson-jaxrs-1.9.13.jar
2015-06-18 22:34:35.580+0000 INFO  [o.n.k.i.DiagnosticsManager]:  [classpath + loader.0] file:/Users/admin/workspace/neo4jHeroku/db/neo4j/development/system/lib/jetty-io-9.2.4.v20141103.jar
2015-06-18 22:34:35.580+0000 INFO  [o.n.k.i.DiagnosticsManager]:  [classpath + loader.0] file:/Users/admin/workspace/neo4jHeroku/db/neo4j/development/lib/scala-library-2.10.5.jar
2015-06-18 22:34:35.580+0000 INFO  [o.n.k.i.DiagnosticsManager]:  [classpath + loader.0] file:/Users/admin/workspace/neo4jHeroku/db/neo4j/development/system/lib/neo4j-server-2.2.1-static-web.jar
2015-06-18 22:34:35.580+0000 INFO  [o.n.k.i.DiagnosticsManager]:  [classpath + loader.0] file:/Users/admin/workspace/neo4jHeroku/db/neo4j/development/system/lib/logback-access-1.1.2.jar
2015-06-18 22:34:35.580+0000 INFO  [o.n.k.i.DiagnosticsManager]:  [classpath + loader.0] file:/Users/admin/workspace/neo4jHeroku/db/neo4j/development/system/lib/commons-lang-2.6.jar
2015-06-18 22:34:35.580+0000 INFO  [o.n.k.i.DiagnosticsManager]:  [classpath + loader.0] file:/Users/admin/workspace/neo4jHeroku/db/neo4j/development/lib/org.apache.servicemix.bundles.jline-0.9.94_1.jar
2015-06-18 22:34:35.580+0000 INFO  [o.n.k.i.DiagnosticsManager]:  [classpath + loader.0] file:/Users/admin/workspace/neo4jHeroku/db/neo4j/development/system/lib/scala-reflect-2.10.5.jar
2015-06-18 22:34:35.580+0000 INFO  [o.n.k.i.DiagnosticsManager]:  [classpath + loader.0] file:/Users/admin/workspace/neo4jHeroku/db/neo4j/development/system/lib/jersey-server-1.18.1.jar
2015-06-18 22:34:35.580+0000 INFO  [o.n.k.i.DiagnosticsManager]:  [loader.1] file:/System/Library/Java/Extensions/libJ3D.jnilib
2015-06-18 22:34:35.580+0000 INFO  [o.n.k.i.DiagnosticsManager]:  [loader.1] file:/Library/Java/JavaVirtualMachines/jdk1.7.0_55.jdk/Contents/Home/jre/lib/ext/sunpkcs11.jar
2015-06-18 22:34:35.580+0000 INFO  [o.n.k.i.DiagnosticsManager]:  [loader.1] file:/System/Library/Java/Extensions/mlibwrapper_jai.jar
2015-06-18 22:34:35.581+0000 INFO  [o.n.k.i.DiagnosticsManager]:  [classpath + loader.0] file:/Users/admin/workspace/neo4jHeroku/db/neo4j/development/lib/neo4j-unsafe-2.2.1.jar
2015-06-18 22:34:35.581+0000 INFO  [o.n.k.i.DiagnosticsManager]:  [classpath + loader.0] file:/Users/admin/workspace/neo4jHeroku/db/neo4j/development/lib/concurrentlinkedhashmap-lru-1.4.jar
2015-06-18 22:34:35.581+0000 INFO  [o.n.k.i.DiagnosticsManager]:  [classpath + loader.0] file:/Users/admin/workspace/neo4jHeroku/db/neo4j/development/lib/server-api-2.2.1.jar
2015-06-18 22:34:35.581+0000 INFO  [o.n.k.i.DiagnosticsManager]:  [classpath + loader.0] file:/Users/admin/workspace/neo4jHeroku/db/neo4j/development/system/lib/commons-digester-2.1.jar
2015-06-18 22:34:35.581+0000 INFO  [o.n.k.i.DiagnosticsManager]:  [loader.1] file:/System/Library/Java/Extensions/QTJava.zip
2015-06-18 22:34:35.581+0000 INFO  [o.n.k.i.DiagnosticsManager]:  [classpath + loader.0] file:/Users/admin/workspace/neo4jHeroku/db/neo4j/development/system/lib/commons-io-2.4.jar
2015-06-18 22:34:35.581+0000 INFO  [o.n.k.i.DiagnosticsManager]:  [classpath + loader.0] file:/Users/admin/workspace/neo4jHeroku/db/neo4j/development/lib/lucene-core-3.6.2.jar
2015-06-18 22:34:35.581+0000 INFO  [o.n.k.i.DiagnosticsManager]:  [classpath + loader.0] file:/Users/admin/workspace/neo4jHeroku/db/neo4j/development/lib/neo4j-cypher-2.2.1.jar
2015-06-18 22:34:35.581+0000 INFO  [o.n.k.i.DiagnosticsManager]:  [classpath + loader.0] file:/Users/admin/workspace/neo4jHeroku/db/neo4j/development/lib/parboiled-scala_2.10-1.1.7.jar
2015-06-18 22:34:35.581+0000 INFO  [o.n.k.i.DiagnosticsManager]:  [classpath + loader.0] file:/Users/admin/workspace/neo4jHeroku/db/neo4j/development/system/lib/jackson-mapper-asl-1.9.13.jar
2015-06-18 22:34:35.581+0000 INFO  [o.n.k.i.DiagnosticsManager]:  [loader.1] file:/System/Library/Java/Extensions/libJ3DAudio.jnilib
2015-06-18 22:34:35.581+0000 INFO  [o.n.k.i.DiagnosticsManager]:  [loader.1] file:/System/Library/Java/Extensions/libAppleScriptEngine.jnilib
2015-06-18 22:34:35.581+0000 INFO  [o.n.k.i.DiagnosticsManager]:  [classpath + loader.0] file:/Users/admin/workspace/neo4jHeroku/db/neo4j/development/lib/opencsv-2.3.jar
2015-06-18 22:34:35.581+0000 INFO  [o.n.k.i.DiagnosticsManager]:  [classpath + loader.0] file:/Users/admin/workspace/neo4jHeroku/db/neo4j/development/system/lib/jersey-core-1.18.1.jar
2015-06-18 22:34:35.581+0000 INFO  [o.n.k.i.DiagnosticsManager]:  [loader.1] file:/System/Library/Java/Extensions/j3daudio.jar
2015-06-18 22:34:35.581+0000 INFO  [o.n.k.i.DiagnosticsManager]:  [classpath + loader.0] file:/Users/admin/workspace/neo4jHeroku/db/neo4j/development/system/lib/janino-2.6.1.jar
2015-06-18 22:34:35.581+0000 INFO  [o.n.k.i.DiagnosticsManager]:  [classpath + loader.0] file:/Users/admin/workspace/neo4jHeroku/db/neo4j/development/lib/neo4j-io-2.2.1.jar
2015-06-18 22:34:35.581+0000 INFO  [o.n.k.i.DiagnosticsManager]:  [loader.1] file:/System/Library/Java/Extensions/libJ3DUtils.jnilib
2015-06-18 22:34:35.582+0000 INFO  [o.n.k.i.DiagnosticsManager]:  [classpath + loader.0] file:/Users/admin/workspace/neo4jHeroku/db/neo4j/development/system/lib/commons-compiler-2.6.1.jar
2015-06-18 22:34:35.582+0000 INFO  [o.n.k.i.DiagnosticsManager]:  [bootstrap] /Library/Java/JavaVirtualMachines/jdk1.7.0_55.jdk/Contents/Home/jre/lib/jce.jar
2015-06-18 22:34:35.582+0000 INFO  [o.n.k.i.DiagnosticsManager]:  [classpath + loader.0] file:/Users/admin/workspace/neo4jHeroku/db/neo4j/development/lib/neo4j-lucene-index-2.2.1.jar
2015-06-18 22:34:35.582+0000 INFO  [o.n.k.i.DiagnosticsManager]:  [bootstrap] /Library/Java/JavaVirtualMachines/jdk1.7.0_55.jdk/Contents/Home/jre/lib/sunrsasign.jar
2015-06-18 22:34:35.582+0000 INFO  [o.n.k.i.DiagnosticsManager]:  [loader.1] file:/System/Library/Java/Extensions/libQTJNative.jnilib
2015-06-18 22:34:35.582+0000 INFO  [o.n.k.i.DiagnosticsManager]:  [bootstrap] /Library/Java/JavaVirtualMachines/jdk1.7.0_55.jdk/Contents/Home/jre/lib/jfr.jar
2015-06-18 22:34:35.582+0000 INFO  [o.n.k.i.DiagnosticsManager]:  [loader.1] file:/System/Library/Java/Extensions/j3dcore.jar
2015-06-18 22:34:35.582+0000 INFO  [o.n.k.i.DiagnosticsManager]:  [loader.1] file:/usr/lib/java/libjdns_sd.jnilib
2015-06-18 22:34:35.582+0000 INFO  [o.n.k.i.DiagnosticsManager]:  [classpath + loader.0] file:/Users/admin/workspace/neo4jHeroku/db/neo4j/development/system/lib/jetty-security-9.2.4.v20141103.jar
2015-06-18 22:34:35.582+0000 INFO  [o.n.k.i.DiagnosticsManager]:  [classpath + loader.0] file:/Users/admin/workspace/neo4jHeroku/db/neo4j/development/conf/
2015-06-18 22:34:35.582+0000 INFO  [o.n.k.i.DiagnosticsManager]:  [classpath + loader.0] file:/Users/admin/workspace/neo4jHeroku/db/neo4j/development/system/lib/rrd4j-2.2.jar
2015-06-18 22:34:35.582+0000 INFO  [o.n.k.i.DiagnosticsManager]:  [loader.1] file:/System/Library/Java/Extensions/j3dutils.jar
2015-06-18 22:34:35.582+0000 INFO  [o.n.k.i.DiagnosticsManager]:  [loader.1] file:/Library/Java/JavaVirtualMachines/jdk1.7.0_55.jdk/Contents/Home/jre/lib/ext/localedata.jar
2015-06-18 22:34:35.582+0000 INFO  [o.n.k.i.DiagnosticsManager]:  [classpath + loader.0] file:/Users/admin/workspace/neo4jHeroku/db/neo4j/development/system/lib/jcl-over-slf4j-1.7.7.jar
2015-06-18 22:34:35.582+0000 INFO  [o.n.k.i.DiagnosticsManager]:  [classpath + loader.0] file:/Users/admin/workspace/neo4jHeroku/db/neo4j/development/system/lib/commons-logging-1.1.1.jar
2015-06-18 22:34:35.582+0000 INFO  [o.n.k.i.DiagnosticsManager]:  [loader.1] file:/Library/Java/JavaVirtualMachines/jdk1.7.0_55.jdk/Contents/Home/jre/lib/ext/dnsns.jar
2015-06-18 22:34:35.582+0000 INFO  [o.n.k.i.DiagnosticsManager]:  [classpath + loader.0] file:/Users/admin/workspace/neo4jHeroku/db/neo4j/development/system/lib/logback-core-1.1.2.jar
2015-06-18 22:34:35.583+0000 INFO  [o.n.k.i.DiagnosticsManager]:  [loader.1] file:/System/Library/Java/Extensions/jai_core.jar
2015-06-18 22:34:35.583+0000 INFO  [o.n.k.i.DiagnosticsManager]:  [bootstrap] /Library/Java/JavaVirtualMachines/jdk1.7.0_55.jdk/Contents/Home/jre/lib/resources.jar
2015-06-18 22:34:35.583+0000 INFO  [o.n.k.i.DiagnosticsManager]:  [bootstrap] /Library/Java/JavaVirtualMachines/jdk1.7.0_55.jdk/Contents/Home/jre/lib/charsets.jar
2015-06-18 22:34:35.583+0000 INFO  [o.n.k.i.DiagnosticsManager]:  [loader.1] file:/System/Library/Java/Extensions/jai_codec.jar
2015-06-18 22:34:35.583+0000 INFO  [o.n.k.i.DiagnosticsManager]:  [loader.1] file:/Library/Java/JavaVirtualMachines/jdk1.7.0_55.jdk/Contents/Home/jre/lib/ext/sunec.jar
2015-06-18 22:34:35.583+0000 INFO  [o.n.k.i.DiagnosticsManager]:  [classpath + loader.0] file:/Users/admin/workspace/neo4jHeroku/db/neo4j/development/system/lib/logback-classic-1.1.2.jar
2015-06-18 22:34:35.583+0000 INFO  [o.n.k.i.DiagnosticsManager]:  [classpath + loader.0] file:/Users/admin/workspace/neo4jHeroku/db/neo4j/development/lib/neo4j-primitive-collections-2.2.1.jar
2015-06-18 22:34:35.583+0000 INFO  [o.n.k.i.DiagnosticsManager]:  [classpath + loader.0] file:/Users/admin/workspace/neo4jHeroku/db/neo4j/development/system/lib/jackson-core-asl-1.9.13.jar
2015-06-18 22:34:35.583+0000 INFO  [o.n.k.i.DiagnosticsManager]:  [classpath + loader.0] file:/Users/admin/workspace/neo4jHeroku/db/neo4j/development/lib/neo4j-import-tool-2.2.1.jar
2015-06-18 22:34:35.583+0000 INFO  [o.n.k.i.DiagnosticsManager]:  [classpath + loader.0] file:/Users/admin/workspace/neo4jHeroku/db/neo4j/development/system/lib/bcprov-jdk16-140.jar
2015-06-18 22:34:35.583+0000 INFO  [o.n.k.i.DiagnosticsManager]:  [classpath + loader.0] file:/Users/admin/workspace/neo4jHeroku/db/neo4j/development/system/lib/rhino-1.7R4.jar
2015-06-18 22:34:35.583+0000 INFO  [o.n.k.i.DiagnosticsManager]:  [bootstrap] /Library/Java/JavaVirtualMachines/jdk1.7.0_55.jdk/Contents/Home/jre/lib/rt.jar
2015-06-18 22:34:35.583+0000 INFO  [o.n.k.i.DiagnosticsManager]:  [classpath + loader.0] file:/Users/admin/workspace/neo4jHeroku/db/neo4j/development/system/lib/jsr311-api-1.1.2.r612.jar
2015-06-18 22:34:35.583+0000 INFO  [o.n.k.i.DiagnosticsManager]:  [loader.1] file:/Library/Java/JavaVirtualMachines/jdk1.7.0_55.jdk/Contents/Home/jre/lib/ext/sunjce_provider.jar
2015-06-18 22:34:35.583+0000 INFO  [o.n.k.i.DiagnosticsManager]:  [bootstrap] /Library/Java/JavaVirtualMachines/jdk1.7.0_55.jdk/Contents/Home/jre/lib/jsse.jar
2015-06-18 22:34:35.583+0000 INFO  [o.n.k.i.DiagnosticsManager]:  [classpath + loader.0] file:/Users/admin/workspace/neo4jHeroku/db/neo4j/development/lib/parboiled-core-1.1.7.jar
2015-06-18 22:34:35.583+0000 INFO  [o.n.k.i.DiagnosticsManager]:  [loader.1] file:/System/Library/Java/Extensions/AppleScriptEngine.jar
2015-06-18 22:34:35.584+0000 INFO  [o.n.k.i.DiagnosticsManager]:  [classpath + loader.0] file:/Users/admin/workspace/neo4jHeroku/db/neo4j/development/system/lib/mimepull-1.9.3.jar
2015-06-18 22:34:35.584+0000 INFO  [o.n.k.i.DiagnosticsManager]:  [bootstrap] /Library/Java/JavaVirtualMachines/jdk1.7.0_55.jdk/Contents/Home/jre/classes
2015-06-18 22:34:35.584+0000 INFO  [o.n.k.i.DiagnosticsManager]:  [classpath + loader.0] file:/Users/admin/workspace/neo4jHeroku/db/neo4j/development/system/lib/slf4j-api-1.7.7.jar
2015-06-18 22:34:35.584+0000 INFO  [o.n.k.i.DiagnosticsManager]:  [classpath + loader.0] file:/Users/admin/workspace/neo4jHeroku/db/neo4j/development/system/lib/neo4j-server-2.2.1.jar
2015-06-18 22:34:35.584+0000 INFO  [o.n.k.i.DiagnosticsManager]:  [classpath + loader.0] file:/Users/admin/workspace/neo4jHeroku/db/neo4j/development/lib/neo4j-jmx-2.2.1.jar
2015-06-18 22:34:35.584+0000 INFO  [o.n.k.i.DiagnosticsManager]:  [classpath + loader.0] file:/Users/admin/workspace/neo4jHeroku/db/neo4j/development/system/lib/jetty-webapp-9.2.4.v20141103.jar
2015-06-18 22:34:35.584+0000 INFO  [o.n.k.i.DiagnosticsManager]:  [loader.1] file:/Library/Java/JavaVirtualMachines/jdk1.7.0_55.jdk/Contents/Home/jre/lib/ext/zipfs.jar
2015-06-18 22:34:35.584+0000 INFO  [o.n.k.i.DiagnosticsManager]:  [classpath + loader.0] file:/Users/admin/workspace/neo4jHeroku/db/neo4j/development/system/lib/javax.servlet-api-3.1.0.jar
2015-06-18 22:34:35.584+0000 INFO  [o.n.k.i.DiagnosticsManager]:  [classpath + loader.0] file:/Users/admin/workspace/neo4jHeroku/db/neo4j/development/system/lib/jersey-multipart-1.18.1.jar
2015-06-18 22:34:35.584+0000 INFO  [o.n.k.i.DiagnosticsManager]:  [classpath + loader.0] file:/Users/admin/workspace/neo4jHeroku/db/neo4j/development/lib/neo4j-udc-2.2.1.jar
2015-06-18 22:34:35.584+0000 INFO  [o.n.k.i.DiagnosticsManager]:  [classpath + loader.0] file:/Users/admin/workspace/neo4jHeroku/db/neo4j/development/lib/neo4j-cypher-compiler-2.2-2.2.1.jar
2015-06-18 22:34:35.584+0000 INFO  [o.n.k.i.DiagnosticsManager]:  [classpath + loader.0] file:/Users/admin/workspace/neo4jHeroku/db/neo4j/development/lib/neo4j-cypher-compiler-2.0-2.0.4.jar
2015-06-18 22:34:35.584+0000 INFO  [o.n.k.i.DiagnosticsManager]:  [classpath + loader.0] file:/Users/admin/workspace/neo4jHeroku/db/neo4j/development/system/lib/jetty-util-9.2.4.v20141103.jar
2015-06-18 22:34:35.584+0000 INFO  [o.n.k.i.DiagnosticsManager]: Library path:
2015-06-18 22:34:35.585+0000 INFO  [o.n.k.i.DiagnosticsManager]: /Users/admin/Library/Java/Extensions
2015-06-18 22:34:35.585+0000 INFO  [o.n.k.i.DiagnosticsManager]: /Library/Java/Extensions
2015-06-18 22:34:35.585+0000 INFO  [o.n.k.i.DiagnosticsManager]: /Network/Library/Java/Extensions
2015-06-18 22:34:35.585+0000 INFO  [o.n.k.i.DiagnosticsManager]: /System/Library/Java/Extensions
2015-06-18 22:34:35.585+0000 INFO  [o.n.k.i.DiagnosticsManager]: /usr/lib/java
2015-06-18 22:34:35.585+0000 INFO  [o.n.k.i.DiagnosticsManager]: /Users/admin/workspace/neo4jHeroku/db/neo4j/development
2015-06-18 22:34:35.585+0000 INFO  [o.n.k.i.DiagnosticsManager]: System.properties:
2015-06-18 22:34:35.586+0000 INFO  [o.n.k.i.DiagnosticsManager]: sun.boot.library.path = /Library/Java/JavaVirtualMachines/jdk1.7.0_55.jdk/Contents/Home/jre/lib
2015-06-18 22:34:35.586+0000 INFO  [o.n.k.i.DiagnosticsManager]: org.neo4j.server.properties = conf/neo4j-server.properties
2015-06-18 22:34:35.586+0000 INFO  [o.n.k.i.DiagnosticsManager]: gopherProxySet = false
2015-06-18 22:34:35.586+0000 INFO  [o.n.k.i.DiagnosticsManager]: path.separator = :
2015-06-18 22:34:35.586+0000 INFO  [o.n.k.i.DiagnosticsManager]: file.encoding.pkg = sun.io
2015-06-18 22:34:35.586+0000 INFO  [o.n.k.i.DiagnosticsManager]: user.country = US
2015-06-18 22:34:35.586+0000 INFO  [o.n.k.i.DiagnosticsManager]: sun.java.launcher = SUN_STANDARD
2015-06-18 22:34:35.586+0000 INFO  [o.n.k.i.DiagnosticsManager]: sun.os.patch.level = unknown
2015-06-18 22:34:35.586+0000 INFO  [o.n.k.i.DiagnosticsManager]: user.dir = /Users/admin/workspace/neo4jHeroku/db/neo4j/development
2015-06-18 22:34:35.586+0000 INFO  [o.n.k.i.DiagnosticsManager]: neo4j.ext.udc.source = tarball
2015-06-18 22:34:35.586+0000 INFO  [o.n.k.i.DiagnosticsManager]: log4j.configuration = file:conf/log4j.properties
2015-06-18 22:34:35.586+0000 INFO  [o.n.k.i.DiagnosticsManager]: sun.jnu.encoding = UTF-8
2015-06-18 22:34:35.586+0000 INFO  [o.n.k.i.DiagnosticsManager]: sun.management.compiler = HotSpot 64-Bit Tiered Compilers
2015-06-18 22:34:35.586+0000 INFO  [o.n.k.i.DiagnosticsManager]: http.nonProxyHosts = local|*.local|169.254/16|*.169.254/16
2015-06-18 22:34:35.586+0000 INFO  [o.n.k.i.DiagnosticsManager]: user.home = /Users/admin
2015-06-18 22:34:35.586+0000 INFO  [o.n.k.i.DiagnosticsManager]: user.timezone = America/New_York
2015-06-18 22:34:35.586+0000 INFO  [o.n.k.i.DiagnosticsManager]: file.encoding = UTF-8
2015-06-18 22:34:35.586+0000 INFO  [o.n.k.i.DiagnosticsManager]: user.name = admin
2015-06-18 22:34:35.587+0000 INFO  [o.n.k.i.DiagnosticsManager]: sun.java.command = org.neo4j.server.Bootstrapper
2015-06-18 22:34:35.587+0000 INFO  [o.n.k.i.DiagnosticsManager]: sun.arch.data.model = 64
2015-06-18 22:34:35.587+0000 INFO  [o.n.k.i.DiagnosticsManager]: user.language = en
2015-06-18 22:34:35.587+0000 INFO  [o.n.k.i.DiagnosticsManager]: awt.toolkit = sun.lwawt.macosx.LWCToolkit
2015-06-18 22:34:35.587+0000 INFO  [o.n.k.i.DiagnosticsManager]: file.separator = /
2015-06-18 22:34:35.587+0000 INFO  [o.n.k.i.DiagnosticsManager]: sun.io.unicode.encoding = UnicodeBig
2015-06-18 22:34:35.587+0000 INFO  [o.n.k.i.DiagnosticsManager]: sun.cpu.endian = little
2015-06-18 22:34:35.587+0000 INFO  [o.n.k.i.DiagnosticsManager]: socksNonProxyHosts = local|*.local|169.254/16|*.169.254/16
2015-06-18 22:34:35.587+0000 INFO  [o.n.k.i.DiagnosticsManager]: neo4j.instance = /Users/admin/workspace/neo4jHeroku/db/neo4j/development
2015-06-18 22:34:35.587+0000 INFO  [o.n.k.i.DiagnosticsManager]: ftp.nonProxyHosts = local|*.local|169.254/16|*.169.254/16
2015-06-18 22:34:35.587+0000 INFO  [o.n.k.i.DiagnosticsManager]: neo4j.home = /Users/admin/workspace/neo4jHeroku/db/neo4j/development
2015-06-18 22:34:35.587+0000 INFO  [o.n.k.i.DiagnosticsManager]: sun.cpu.isalist = 
2015-06-18 22:34:35.587+0000 INFO  [o.n.k.i.DiagnosticsManager]: Network information:
2015-06-18 22:34:35.587+0000 INFO  [o.n.k.i.DiagnosticsManager]: Interface en0:
2015-06-18 22:34:35.588+0000 INFO  [o.n.k.i.DiagnosticsManager]:     address: fe80:0:0:0:60c:ceff:feda:fd1a%4
2015-06-18 22:34:35.588+0000 INFO  [o.n.k.i.DiagnosticsManager]:     address: 146.95.79.234
2015-06-18 22:34:35.588+0000 INFO  [o.n.k.i.DiagnosticsManager]: Interface lo0:
2015-06-18 22:34:35.588+0000 INFO  [o.n.k.i.DiagnosticsManager]:     address: 0:0:0:0:0:0:0:1
2015-06-18 22:34:35.588+0000 INFO  [o.n.k.i.DiagnosticsManager]:     address: fe80:0:0:0:0:0:0:1%1
2015-06-18 22:34:35.588+0000 INFO  [o.n.k.i.DiagnosticsManager]:     address: 127.0.0.1
2015-06-18 22:34:35.588+0000 INFO  [o.n.k.i.DiagnosticsManager]: --- INITIALIZED diagnostics END ---
2015-06-18 22:34:36.093+0000 INFO  [o.n.k.NeoStoreDataSource]: Opened logical log [/Users/admin/workspace/neo4jHeroku/db/neo4j/development/data/graph.db/neostore.transaction.db.1] version=1, lastTxId=1 (clean)
2015-06-18 22:34:36.106+0000 INFO  [o.n.k.KernelHealth]: Kernel health set to OK
2015-06-18 22:34:36.751+0000 INFO  [o.n.k.i.DiagnosticsManager]: --- STARTED diagnostics for KernelDiagnostics:Versions START ---
2015-06-18 22:34:36.751+0000 INFO  [o.n.k.i.DiagnosticsManager]: Graph Database: org.neo4j.kernel.EmbeddedGraphDatabase StoreId{creationTime=1434666062624, randomId=-8752678044957471101, storeVersion=14969031248344582, upgradeTime=1434666062624, upgradeId=1}
2015-06-18 22:34:36.751+0000 INFO  [o.n.k.i.DiagnosticsManager]: Kernel version: Neo4j - Graph Database Kernel (neo4j-kernel), version: 2.2.1
2015-06-18 22:34:36.751+0000 INFO  [o.n.k.i.DiagnosticsManager]: Neo4j component versions:
2015-06-18 22:34:36.760+0000 INFO  [o.n.k.i.DiagnosticsManager]:   Neo4j - Lucene Index (neo4j-lucene-index), version: 2.2.1; revision: 2.2.1:2.2:904/c23258e99edbfff137bea0d83af56c79a46bca31
2015-06-18 22:34:36.760+0000 INFO  [o.n.k.i.DiagnosticsManager]:   Neo4j - JMX support (neo4j-jmx), version: 2.2.1; revision: 2.2.1:2.2:904/c23258e99edbfff137bea0d83af56c79a46bca31
2015-06-18 22:34:36.760+0000 INFO  [o.n.k.i.DiagnosticsManager]:   Neo4j - Graph Matching (neo4j-graph-matching), version: 2.2.1; revision: 2.2.1:2.2:904/c23258e99edbfff137bea0d83af56c79a46bca31
2015-06-18 22:34:36.760+0000 INFO  [o.n.k.i.DiagnosticsManager]:   Neo4j - Cypher Compiler 2.1 (neo4j-cypher-compiler-2.1), version: 2.1.7; revision: 2.1.7:2.1-maint:649/ed233fc1087f4549d1956b8ec4a504fe2f13a446
2015-06-18 22:34:36.760+0000 INFO  [o.n.k.i.DiagnosticsManager]:   Neo4j - Server API (server-api), version: 2.2.1; revision: 2.2.1:2.2:904/c23258e99edbfff137bea0d83af56c79a46bca31
2015-06-18 22:34:36.760+0000 INFO  [o.n.k.i.DiagnosticsManager]:   Neo4j - Import Command Line Tool (neo4j-import-tool), version: 2.2.1; revision: 2.2.1:2.2:904/c23258e99edbfff137bea0d83af56c79a46bca31
2015-06-18 22:34:36.760+0000 INFO  [o.n.k.i.DiagnosticsManager]:   Neo4j - Graph Database Kernel (neo4j-kernel), version: 2.2.1; revision: 2.2.1:2.2:904/c23258e99edbfff137bea0d83af56c79a46bca31
2015-06-18 22:34:36.760+0000 INFO  [o.n.k.i.DiagnosticsManager]:   Neo4j - Cypher (neo4j-cypher), version: 2.2.1; revision: 2.2.1:2.2:904/c23258e99edbfff137bea0d83af56c79a46bca31
2015-06-18 22:34:36.760+0000 INFO  [o.n.k.i.DiagnosticsManager]:   Neo4j - Server (neo4j-server), version: 2.2.1; revision: 2.2.1:2.2:904/c23258e99edbfff137bea0d83af56c79a46bca31
2015-06-18 22:34:36.760+0000 INFO  [o.n.k.i.DiagnosticsManager]:   Neo4j - Graph Algorithms (neo4j-graph-algo), version: 2.2.1; revision: 2.2.1:2.2:904/c23258e99edbfff137bea0d83af56c79a46bca31
2015-06-18 22:34:36.760+0000 INFO  [o.n.k.i.DiagnosticsManager]:   Neo4j - Cypher Compiler 2.2 (neo4j-cypher-compiler-2.2), version: 2.2.1; revision: 2.2.1:2.2:904/c23258e99edbfff137bea0d83af56c79a46bca31
2015-06-18 22:34:36.760+0000 INFO  [o.n.k.i.DiagnosticsManager]:   Neo4j - Cypher Compiler 2.0 (neo4j-cypher-compiler-2.0), version: 2.0.4; revision: 2.0.4:2.0-maint:130/4a7d10bc274a5d26a180bbe9df25100e8a694748
2015-06-18 22:34:36.760+0000 INFO  [o.n.k.i.DiagnosticsManager]:   Neo4j - Consistency Checker (neo4j-consistency-check), version: 2.2.1; revision: 2.2.1:2.2:904/c23258e99edbfff137bea0d83af56c79a46bca31
2015-06-18 22:34:36.760+0000 INFO  [o.n.k.i.DiagnosticsManager]:   Neo4j - Generic shell (neo4j-shell), version: 2.2.1; revision: 2.2.1:2.2:904/c23258e99edbfff137bea0d83af56c79a46bca31
2015-06-18 22:34:36.761+0000 INFO  [o.n.k.i.DiagnosticsManager]:   Neo4j - Cypher Compiler 1.9 (neo4j-cypher-compiler-1.9), version: 2.0.4; revision: 2.0.4:2.0-maint:130/4a7d10bc274a5d26a180bbe9df25100e8a694748
2015-06-18 22:34:36.761+0000 INFO  [o.n.k.i.DiagnosticsManager]:   neo4j-udc, version: 2.2.1; revision: 2.2.1:2.2:904/c23258e99edbfff137bea0d83af56c79a46bca31
2015-06-18 22:34:36.761+0000 INFO  [o.n.k.i.DiagnosticsManager]: --- STARTED diagnostics for KernelDiagnostics:Versions END ---
2015-06-18 22:34:36.763+0000 INFO  [o.n.k.i.DiagnosticsManager]: --- STARTED diagnostics for NEO_STORE_VERSIONS START ---
2015-06-18 22:34:36.764+0000 INFO  [o.n.k.i.DiagnosticsManager]: Store versions:
2015-06-18 22:34:36.764+0000 INFO  [o.n.k.i.DiagnosticsManager]: Store versions:
2015-06-18 22:34:36.764+0000 INFO  [o.n.k.i.DiagnosticsManager]:   NeoStore v0.A.5
2015-06-18 22:34:36.764+0000 INFO  [o.n.k.i.DiagnosticsManager]:   SchemaStore v0.A.5
2015-06-18 22:34:36.764+0000 INFO  [o.n.k.i.DiagnosticsManager]:   NodeStore v0.A.5
2015-06-18 22:34:36.764+0000 INFO  [o.n.k.i.DiagnosticsManager]:   RelationshipStore v0.A.5
2015-06-18 22:34:36.764+0000 INFO  [o.n.k.i.DiagnosticsManager]:   RelationshipTypeStore v0.A.5
2015-06-18 22:34:36.764+0000 INFO  [o.n.k.i.DiagnosticsManager]:   LabelTokenStore v0.A.5
2015-06-18 22:34:36.764+0000 INFO  [o.n.k.i.DiagnosticsManager]:   PropertyStore v0.A.5
2015-06-18 22:34:36.764+0000 INFO  [o.n.k.i.DiagnosticsManager]:   PropertyIndexStore v0.A.5
2015-06-18 22:34:36.764+0000 INFO  [o.n.k.i.DiagnosticsManager]:   StringPropertyStore v0.A.5
2015-06-18 22:34:36.764+0000 INFO  [o.n.k.i.DiagnosticsManager]:   ArrayPropertyStore v0.A.5
2015-06-18 22:34:36.764+0000 INFO  [o.n.k.i.DiagnosticsManager]:   RelationshipGroupStore v0.A.5
2015-06-18 22:34:36.765+0000 INFO  [o.n.k.i.DiagnosticsManager]: --- STARTED diagnostics for NEO_STORE_VERSIONS END ---
2015-06-18 22:34:36.765+0000 INFO  [o.n.k.i.DiagnosticsManager]: --- STARTED diagnostics for NEO_STORE_ID_USAGE START ---
2015-06-18 22:34:36.765+0000 INFO  [o.n.k.i.DiagnosticsManager]: Id usage:
2015-06-18 22:34:36.765+0000 INFO  [o.n.k.i.DiagnosticsManager]: Id usage:
2015-06-18 22:34:36.765+0000 INFO  [o.n.k.i.DiagnosticsManager]:   SchemaStore: used=1 high=0
2015-06-18 22:34:36.765+0000 INFO  [o.n.k.i.DiagnosticsManager]:   NodeStore: used=0 high=-1
2015-06-18 22:34:36.765+0000 INFO  [o.n.k.i.DiagnosticsManager]:   RelationshipStore: used=0 high=-1
2015-06-18 22:34:36.765+0000 INFO  [o.n.k.i.DiagnosticsManager]:   RelationshipTypeStore: used=0 high=-1
2015-06-18 22:34:36.765+0000 INFO  [o.n.k.i.DiagnosticsManager]:   LabelTokenStore: used=0 high=-1
2015-06-18 22:34:36.766+0000 INFO  [o.n.k.i.DiagnosticsManager]:   PropertyStore: used=0 high=-1
2015-06-18 22:34:36.766+0000 INFO  [o.n.k.i.DiagnosticsManager]:   PropertyIndexStore: used=0 high=-1
2015-06-18 22:34:36.766+0000 INFO  [o.n.k.i.DiagnosticsManager]:   StringPropertyStore: used=1 high=0
2015-06-18 22:34:36.766+0000 INFO  [o.n.k.i.DiagnosticsManager]:   ArrayPropertyStore: used=1 high=0
2015-06-18 22:34:36.766+0000 INFO  [o.n.k.i.DiagnosticsManager]:   RelationshipGroupStore: used=1 high=0
2015-06-18 22:34:36.766+0000 INFO  [o.n.k.i.DiagnosticsManager]: --- STARTED diagnostics for NEO_STORE_ID_USAGE END ---
2015-06-18 22:34:36.766+0000 INFO  [o.n.k.i.DiagnosticsManager]: --- STARTED diagnostics for KernelDiagnostics:StoreFiles START ---
2015-06-18 22:34:36.767+0000 INFO  [o.n.k.i.DiagnosticsManager]: Disk space on partition (Total / Free / Free %): 172713435136 / 116600913920 / 67
Storage files: (filename : modification date - size)
2015-06-18 22:34:36.767+0000 INFO  [o.n.k.i.DiagnosticsManager]:   index:
2015-06-18 22:34:36.768+0000 INFO  [o.n.k.i.DiagnosticsManager]:   - Total: 2015-06-18T18:21:02-0400 - 0.00 B
2015-06-18 22:34:36.768+0000 INFO  [o.n.k.i.DiagnosticsManager]:   lock: 2015-06-18T18:34:35-0400 - 0.00 B
2015-06-18 22:34:36.768+0000 INFO  [o.n.k.i.DiagnosticsManager]:   messages.log: 2015-06-18T18:34:36-0400 - 75.17 kB
2015-06-18 22:34:36.769+0000 INFO  [o.n.k.i.DiagnosticsManager]:   neostore: 2015-06-18T18:34:35-0400 - 99.00 B
2015-06-18 22:34:36.769+0000 INFO  [o.n.k.i.DiagnosticsManager]:   neostore.counts.db.a: 2015-06-18T18:21:03-0400 - 114.00 B
2015-06-18 22:34:36.769+0000 INFO  [o.n.k.i.DiagnosticsManager]:   neostore.id: 2015-06-18T18:34:35-0400 - 9.00 B
2015-06-18 22:34:36.769+0000 INFO  [o.n.k.i.DiagnosticsManager]:   neostore.labeltokenstore.db: 2015-06-18T18:34:35-0400 - 0.00 B
2015-06-18 22:34:36.770+0000 INFO  [o.n.k.i.DiagnosticsManager]:   neostore.labeltokenstore.db.id: 2015-06-18T18:34:35-0400 - 9.00 B
2015-06-18 22:34:36.770+0000 INFO  [o.n.k.i.DiagnosticsManager]:   neostore.labeltokenstore.db.names: 2015-06-18T18:34:35-0400 - 38.00 B
2015-06-18 22:34:36.770+0000 INFO  [o.n.k.i.DiagnosticsManager]:   neostore.labeltokenstore.db.names.id: 2015-06-18T18:34:35-0400 - 9.00 B
2015-06-18 22:34:36.770+0000 INFO  [o.n.k.i.DiagnosticsManager]:   neostore.nodestore.db: 2015-06-18T18:34:35-0400 - 0.00 B
2015-06-18 22:34:36.770+0000 INFO  [o.n.k.i.DiagnosticsManager]:   neostore.nodestore.db.id: 2015-06-18T18:34:35-0400 - 9.00 B
2015-06-18 22:34:36.771+0000 INFO  [o.n.k.i.DiagnosticsManager]:   neostore.nodestore.db.labels: 2015-06-18T18:34:35-0400 - 68.00 B
2015-06-18 22:34:36.771+0000 INFO  [o.n.k.i.DiagnosticsManager]:   neostore.nodestore.db.labels.id: 2015-06-18T18:34:35-0400 - 9.00 B
2015-06-18 22:34:36.771+0000 INFO  [o.n.k.i.DiagnosticsManager]:   neostore.propertystore.db: 2015-06-18T18:34:35-0400 - 0.00 B
2015-06-18 22:34:36.771+0000 INFO  [o.n.k.i.DiagnosticsManager]:   neostore.propertystore.db.arrays: 2015-06-18T18:34:35-0400 - 128.00 B
2015-06-18 22:34:36.772+0000 INFO  [o.n.k.i.DiagnosticsManager]:   neostore.propertystore.db.arrays.id: 2015-06-18T18:34:35-0400 - 9.00 B
2015-06-18 22:34:36.772+0000 INFO  [o.n.k.i.DiagnosticsManager]:   neostore.propertystore.db.id: 2015-06-18T18:34:35-0400 - 9.00 B
2015-06-18 22:34:36.772+0000 INFO  [o.n.k.i.DiagnosticsManager]:   neostore.propertystore.db.index: 2015-06-18T18:34:35-0400 - 0.00 B
2015-06-18 22:34:36.773+0000 INFO  [o.n.k.i.DiagnosticsManager]:   neostore.propertystore.db.index.id: 2015-06-18T18:34:35-0400 - 9.00 B
2015-06-18 22:34:36.773+0000 INFO  [o.n.k.i.DiagnosticsManager]:   neostore.propertystore.db.index.keys: 2015-06-18T18:34:35-0400 - 38.00 B
2015-06-18 22:34:36.773+0000 INFO  [o.n.k.i.DiagnosticsManager]:   neostore.propertystore.db.index.keys.id: 2015-06-18T18:34:35-0400 - 9.00 B
2015-06-18 22:34:36.773+0000 INFO  [o.n.k.i.DiagnosticsManager]:   neostore.propertystore.db.strings: 2015-06-18T18:34:35-0400 - 128.00 B
2015-06-18 22:34:36.774+0000 INFO  [o.n.k.i.DiagnosticsManager]:   neostore.propertystore.db.strings.id: 2015-06-18T18:34:35-0400 - 9.00 B
2015-06-18 22:34:36.774+0000 INFO  [o.n.k.i.DiagnosticsManager]:   neostore.relationshipgroupstore.db: 2015-06-18T18:34:35-0400 - 25.00 B
2015-06-18 22:34:36.774+0000 INFO  [o.n.k.i.DiagnosticsManager]:   neostore.relationshipgroupstore.db.id: 2015-06-18T18:34:35-0400 - 9.00 B
2015-06-18 22:34:36.774+0000 INFO  [o.n.k.i.DiagnosticsManager]:   neostore.relationshipstore.db: 2015-06-18T18:34:35-0400 - 0.00 B
2015-06-18 22:34:36.775+0000 INFO  [o.n.k.i.DiagnosticsManager]:   neostore.relationshipstore.db.id: 2015-06-18T18:34:35-0400 - 9.00 B
2015-06-18 22:34:36.775+0000 INFO  [o.n.k.i.DiagnosticsManager]:   neostore.relationshiptypestore.db: 2015-06-18T18:34:35-0400 - 0.00 B
2015-06-18 22:34:36.775+0000 INFO  [o.n.k.i.DiagnosticsManager]:   neostore.relationshiptypestore.db.id: 2015-06-18T18:34:35-0400 - 9.00 B
2015-06-18 22:34:36.775+0000 INFO  [o.n.k.i.DiagnosticsManager]:   neostore.relationshiptypestore.db.names: 2015-06-18T18:34:35-0400 - 38.00 B
2015-06-18 22:34:36.776+0000 INFO  [o.n.k.i.DiagnosticsManager]:   neostore.relationshiptypestore.db.names.id: 2015-06-18T18:34:35-0400 - 9.00 B
2015-06-18 22:34:36.776+0000 INFO  [o.n.k.i.DiagnosticsManager]:   neostore.schemastore.db: 2015-06-18T18:34:35-0400 - 64.00 B
2015-06-18 22:34:36.776+0000 INFO  [o.n.k.i.DiagnosticsManager]:   neostore.schemastore.db.id: 2015-06-18T18:34:35-0400 - 9.00 B
2015-06-18 22:34:36.776+0000 INFO  [o.n.k.i.DiagnosticsManager]:   neostore.transaction.db.0: 2015-06-18T18:21:03-0400 - 16.00 B
2015-06-18 22:34:36.777+0000 INFO  [o.n.k.i.DiagnosticsManager]:   neostore.transaction.db.1: 2015-06-18T18:34:36-0400 - 16.00 B
2015-06-18 22:34:36.777+0000 INFO  [o.n.k.i.DiagnosticsManager]:   rrd: 2015-06-18T18:34:33-0400 - 1.93 MB
2015-06-18 22:34:36.777+0000 INFO  [o.n.k.i.DiagnosticsManager]:   schema:
2015-06-18 22:34:36.777+0000 INFO  [o.n.k.i.DiagnosticsManager]:     label:
2015-06-18 22:34:36.777+0000 INFO  [o.n.k.i.DiagnosticsManager]:       lucene:
2015-06-18 22:34:36.777+0000 INFO  [o.n.k.i.DiagnosticsManager]:         segments.gen: 2015-06-18T18:34:33-0400 - 20.00 B
2015-06-18 22:34:36.778+0000 INFO  [o.n.k.i.DiagnosticsManager]:         segments_1: 2015-06-18T18:34:33-0400 - 32.00 B
2015-06-18 22:34:36.778+0000 INFO  [o.n.k.i.DiagnosticsManager]:         write.lock: 2015-06-18T18:34:36-0400 - 0.00 B
2015-06-18 22:34:36.778+0000 INFO  [o.n.k.i.DiagnosticsManager]:       - Total: 2015-06-18T18:34:36-0400 - 52.00 B
2015-06-18 22:34:36.778+0000 INFO  [o.n.k.i.DiagnosticsManager]:     - Total: 2015-06-18T18:21:03-0400 - 52.00 B
2015-06-18 22:34:36.779+0000 INFO  [o.n.k.i.DiagnosticsManager]:   - Total: 2015-06-18T18:21:02-0400 - 52.00 B
2015-06-18 22:34:36.779+0000 INFO  [o.n.k.i.DiagnosticsManager]:   store_lock: 2015-06-18T18:21:02-0400 - 0.00 B
2015-06-18 22:34:36.779+0000 INFO  [o.n.k.i.DiagnosticsManager]: --- STARTED diagnostics for KernelDiagnostics:StoreFiles END ---
2015-06-18 22:34:36.821+0000 INFO  [o.n.k.EmbeddedGraphDatabase]: Database is now ready
2015-06-18 22:34:36.821+0000 INFO  [o.n.s.d.LifecycleManagingDatabase]: Successfully started database
2015-06-18 22:34:36.831+0000 INFO  [o.n.k.i.DiagnosticsManager]: --- SERVER STARTED START ---
2015-06-18 22:34:36.881+0000 INFO  [o.n.s.CommunityNeoServer]: Starting HTTP on port :7474 with 4 threads available
2015-06-18 22:34:37.060+0000 INFO  [o.n.s.CommunityNeoServer]: Enabling HTTPS on port :7473
2015-06-18 22:34:37.252+0000 INFO  [o.n.s.w.Jetty9WebServer]: Mounting static content at [/webadmin] from [webadmin-html]
2015-06-18 22:34:37.301+0000 INFO  [o.n.s.w.Jetty9WebServer]: Mounting static content at [/browser] from [browser]
2015-06-18 22:34:39.029+0000 INFO  [o.n.s.CommunityNeoServer]: Server started on: http://localhost:7474/
2015-06-18 22:34:39.029+0000 INFO  [o.n.s.CommunityNeoServer]: Remote interface ready and available at [http://localhost:7474/]
2015-06-18 22:34:39.029+0000 INFO  [o.n.k.i.DiagnosticsManager]: --- SERVER STARTED END ---
2015-06-18 22:35:16.391+0000 INFO  [o.n.k.i.a.i.IndexPopulationJob]: Index population started: [:User(uuid) [provider: {key=lucene, version=1.0}]]
2015-06-18 22:35:16.409+0000 INFO  [o.n.k.i.a.KernelSchemaStateStore]: Schema state store has been cleared.
2015-06-18 22:35:16.421+0000 INFO  [o.n.k.i.a.i.IndexPopulationJob]: Index population completed. Index is now online: [:User(uuid) [provider: {key=lucene, version=1.0}]]
2015-06-18 22:35:16.480+0000 INFO  [o.n.k.i.a.KernelSchemaStateStore]: Schema state store has been cleared.
